2025-10-06 11:50:16,914 - INFO - Starting complete content analysis for all 250 URLs...
2025-10-06 11:50:16,914 - INFO - Found 250 URLs to analyze
2025-10-06 11:50:16,915 - INFO - Progress: 1/250 - https://cyberdefender.hk
2025-10-06 11:50:16,915 - INFO - Analyzing: https://cyberdefender.hk
2025-10-06 11:50:21,665 - INFO - Progress: 2/250 - https://cyberdefender.hk/852_sms
2025-10-06 11:50:21,665 - INFO - Analyzing: https://cyberdefender.hk/852_sms
2025-10-06 11:50:27,088 - INFO - Progress: 3/250 - https://cyberdefender.hk/APT_attack
2025-10-06 11:50:27,088 - INFO - Analyzing: https://cyberdefender.hk/APT_attack
2025-10-06 11:50:32,391 - INFO - Progress: 4/250 - https://cyberdefender.hk/about-us
2025-10-06 11:50:32,392 - INFO - Analyzing: https://cyberdefender.hk/about-us
2025-10-06 11:50:38,449 - INFO - Progress: 5/250 - https://cyberdefender.hk/abusive_online_content
2025-10-06 11:50:38,450 - INFO - Analyzing: https://cyberdefender.hk/abusive_online_content
2025-10-06 11:50:48,215 - INFO - Progress: 6/250 - https://cyberdefender.hk/activity
2025-10-06 11:50:48,215 - INFO - Analyzing: https://cyberdefender.hk/activity
2025-10-06 11:50:53,653 - INFO - Progress: 7/250 - https://cyberdefender.hk/artificial-intelligence
2025-10-06 11:50:53,653 - INFO - Analyzing: https://cyberdefender.hk/artificial-intelligence
2025-10-06 11:51:04,094 - INFO - Progress: 8/250 - https://cyberdefender.hk/biometrics
2025-10-06 11:51:04,095 - INFO - Analyzing: https://cyberdefender.hk/biometrics
2025-10-06 11:51:10,147 - INFO - Progress: 9/250 - https://cyberdefender.hk/cdn-cgi/l/email-protection
2025-10-06 11:51:10,147 - INFO - Analyzing: https://cyberdefender.hk/cdn-cgi/l/email-protection
2025-10-06 11:51:10,748 - ERROR - Failed to analyze https://cyberdefender.hk/cdn-cgi/l/email-protection: 404 Client Error: Not Found for url: https://cyberdefender.hk/cdn-cgi/l/email-protection
2025-10-06 11:51:11,750 - INFO - Progress: 10/250 - https://cyberdefender.hk/challenge2025
2025-10-06 11:51:11,750 - INFO - Analyzing: https://cyberdefender.hk/challenge2025
2025-10-06 11:51:19,094 - INFO - Progress: 11/250 - https://cyberdefender.hk/child-protection
2025-10-06 11:51:19,095 - INFO - Analyzing: https://cyberdefender.hk/child-protection
2025-10-06 11:51:26,581 - INFO - Progress: 12/250 - https://cyberdefender.hk/child_grooming
2025-10-06 11:51:26,581 - INFO - Analyzing: https://cyberdefender.hk/child_grooming
2025-10-06 11:51:33,530 - INFO - Progress: 13/250 - https://cyberdefender.hk/child_porn
2025-10-06 11:51:33,530 - INFO - Analyzing: https://cyberdefender.hk/child_porn
2025-10-06 11:51:40,445 - INFO - Progress: 14/250 - https://cyberdefender.hk/cloudcomputing
2025-10-06 11:51:40,445 - INFO - Analyzing: https://cyberdefender.hk/cloudcomputing
2025-10-06 11:51:46,094 - INFO - Progress: 15/250 - https://cyberdefender.hk/compensated_dating
2025-10-06 11:51:46,094 - INFO - Analyzing: https://cyberdefender.hk/compensated_dating
2025-10-06 11:51:52,762 - INFO - Progress: 16/250 - https://cyberdefender.hk/creditcard_misuse
2025-10-06 11:51:52,762 - INFO - Analyzing: https://cyberdefender.hk/creditcard_misuse
2025-10-06 11:51:58,884 - INFO - Progress: 17/250 - https://cyberdefender.hk/cryptocurrency
2025-10-06 11:51:58,885 - INFO - Analyzing: https://cyberdefender.hk/cryptocurrency
2025-10-06 11:52:07,013 - INFO - Progress: 18/250 - https://cyberdefender.hk/cspa2025
2025-10-06 11:52:07,013 - INFO - Analyzing: https://cyberdefender.hk/cspa2025
2025-10-06 11:52:13,078 - INFO - Progress: 19/250 - https://cyberdefender.hk/cyber-hygiene
2025-10-06 11:52:13,078 - INFO - Analyzing: https://cyberdefender.hk/cyber-hygiene
2025-10-06 11:52:39,268 - INFO - Progress: 20/250 - https://cyberdefender.hk/cyberbullying
2025-10-06 11:52:39,268 - INFO - Analyzing: https://cyberdefender.hk/cyberbullying
2025-10-06 11:52:44,765 - INFO - Progress: 21/250 - https://cyberdefender.hk/cybercrime
2025-10-06 11:52:44,766 - INFO - Analyzing: https://cyberdefender.hk/cybercrime
2025-10-06 11:52:59,874 - INFO - Progress: 22/250 - https://cyberdefender.hk/cyberdefender_quest
2025-10-06 11:52:59,874 - INFO - Analyzing: https://cyberdefender.hk/cyberdefender_quest
2025-10-06 11:53:18,919 - INFO - Progress: 23/250 - https://cyberdefender.hk/cybersex
2025-10-06 11:53:18,919 - INFO - Analyzing: https://cyberdefender.hk/cybersex
2025-10-06 11:53:25,733 - INFO - Progress: 24/250 - https://cyberdefender.hk/darkweb
2025-10-06 11:53:25,734 - INFO - Analyzing: https://cyberdefender.hk/darkweb
2025-10-06 11:53:31,630 - INFO - Progress: 25/250 - https://cyberdefender.hk/ddos
2025-10-06 11:53:31,630 - INFO - Analyzing: https://cyberdefender.hk/ddos
2025-10-06 11:53:37,859 - INFO - Completed 25 URLs, 24 successful, 1 failed
2025-10-06 11:53:37,860 - INFO - Progress: 26/250 - https://cyberdefender.hk/deep-fake
2025-10-06 11:53:37,860 - INFO - Analyzing: https://cyberdefender.hk/deep-fake
2025-10-06 11:53:43,448 - INFO - Progress: 27/250 - https://cyberdefender.hk/digital_literacy
2025-10-06 11:53:43,449 - INFO - Analyzing: https://cyberdefender.hk/digital_literacy
2025-10-06 11:53:49,232 - INFO - Progress: 28/250 - https://cyberdefender.hk/disclaimer
2025-10-06 11:53:49,232 - INFO - Analyzing: https://cyberdefender.hk/disclaimer
2025-10-06 11:53:54,487 - INFO - Progress: 29/250 - https://cyberdefender.hk/dispose-old-mobile-phone-safely
2025-10-06 11:53:54,487 - INFO - Analyzing: https://cyberdefender.hk/dispose-old-mobile-phone-safely
2025-10-06 11:53:59,833 - INFO - Progress: 30/250 - https://cyberdefender.hk/doxxing
2025-10-06 11:53:59,833 - INFO - Analyzing: https://cyberdefender.hk/doxxing
2025-10-06 11:54:05,860 - INFO - Progress: 31/250 - https://cyberdefender.hk/e-hkd
2025-10-06 11:54:05,861 - INFO - Analyzing: https://cyberdefender.hk/e-hkd
2025-10-06 11:54:12,105 - INFO - Progress: 32/250 - https://cyberdefender.hk/email_scam
2025-10-06 11:54:12,106 - INFO - Analyzing: https://cyberdefender.hk/email_scam
2025-10-06 11:54:19,003 - INFO - Progress: 33/250 - https://cyberdefender.hk/en-us
2025-10-06 11:54:19,003 - INFO - Analyzing: https://cyberdefender.hk/en-us
2025-10-06 11:54:24,577 - INFO - Progress: 34/250 - https://cyberdefender.hk/en-us/852_sms
2025-10-06 11:54:24,578 - INFO - Analyzing: https://cyberdefender.hk/en-us/852_sms
2025-10-06 11:54:29,972 - INFO - Progress: 35/250 - https://cyberdefender.hk/en-us/852_sms?rest_route=%2Fprivate_membership%2Flogout
2025-10-06 11:54:29,972 - INFO - Analyzing: https://cyberdefender.hk/en-us/852_sms?rest_route=%2Fprivate_membership%2Flogout
2025-10-06 11:54:35,764 - INFO - Progress: 36/250 - https://cyberdefender.hk/en-us/?member_dashboard=1
2025-10-06 11:54:35,764 - INFO - Analyzing: https://cyberdefender.hk/en-us/?member_dashboard=1
2025-10-06 11:54:40,780 - INFO - Progress: 37/250 - https://cyberdefender.hk/en-us/?rest_route=%2Fprivate_membership%2Flogout
2025-10-06 11:54:40,780 - INFO - Analyzing: https://cyberdefender.hk/en-us/?rest_route=%2Fprivate_membership%2Flogout
2025-10-06 11:54:46,555 - INFO - Progress: 38/250 - https://cyberdefender.hk/en-us/APT_attack
2025-10-06 11:54:46,556 - INFO - Analyzing: https://cyberdefender.hk/en-us/APT_attack
2025-10-06 11:54:51,762 - INFO - Progress: 39/250 - https://cyberdefender.hk/en-us/APT_attack?rest_route=%2Fprivate_membership%2Flogout
2025-10-06 11:54:51,763 - INFO - Analyzing: https://cyberdefender.hk/en-us/APT_attack?rest_route=%2Fprivate_membership%2Flogout
2025-10-06 11:54:57,732 - INFO - Progress: 40/250 - https://cyberdefender.hk/en-us/a-strong-password-is-an-important-part
2025-10-06 11:54:57,732 - INFO - Analyzing: https://cyberdefender.hk/en-us/a-strong-password-is-an-important-part
2025-10-06 11:55:03,549 - INFO - Progress: 41/250 - https://cyberdefender.hk/en-us/about-us
2025-10-06 11:55:03,549 - INFO - Analyzing: https://cyberdefender.hk/en-us/about-us
2025-10-06 11:55:09,315 - INFO - Progress: 42/250 - https://cyberdefender.hk/en-us/about-us?rest_route=%2Fprivate_membership%2Flogout
2025-10-06 11:55:09,315 - INFO - Analyzing: https://cyberdefender.hk/en-us/about-us?rest_route=%2Fprivate_membership%2Flogout
2025-10-06 11:55:15,501 - INFO - Progress: 43/250 - https://cyberdefender.hk/en-us/abusive_online_content
2025-10-06 11:55:15,501 - INFO - Analyzing: https://cyberdefender.hk/en-us/abusive_online_content
2025-10-06 11:55:22,314 - INFO - Progress: 44/250 - https://cyberdefender.hk/en-us/abusive_online_content?rest_route=%2Fprivate_membership%2Flogout
2025-10-06 11:55:22,314 - INFO - Analyzing: https://cyberdefender.hk/en-us/abusive_online_content?rest_route=%2Fprivate_membership%2Flogout
2025-10-06 11:55:28,646 - INFO - Progress: 45/250 - https://cyberdefender.hk/en-us/activity
2025-10-06 11:55:28,646 - INFO - Analyzing: https://cyberdefender.hk/en-us/activity
2025-10-06 11:55:33,837 - INFO - Progress: 46/250 - https://cyberdefender.hk/en-us/activity?rest_route=%2Fprivate_membership%2Flogout
2025-10-06 11:55:33,837 - INFO - Analyzing: https://cyberdefender.hk/en-us/activity?rest_route=%2Fprivate_membership%2Flogout
2025-10-06 11:55:39,733 - INFO - Progress: 47/250 - https://cyberdefender.hk/en-us/anti-fraud-tips-for-online-shopping
2025-10-06 11:55:39,733 - INFO - Analyzing: https://cyberdefender.hk/en-us/anti-fraud-tips-for-online-shopping
2025-10-06 11:55:44,797 - INFO - Progress: 48/250 - https://cyberdefender.hk/en-us/apt_attack
2025-10-06 11:55:44,797 - INFO - Analyzing: https://cyberdefender.hk/en-us/apt_attack
2025-10-06 11:55:50,072 - INFO - Progress: 49/250 - https://cyberdefender.hk/en-us/artificial-intelligence
2025-10-06 11:55:50,072 - INFO - Analyzing: https://cyberdefender.hk/en-us/artificial-intelligence
2025-10-06 11:55:55,261 - INFO - Progress: 50/250 - https://cyberdefender.hk/en-us/artificial-intelligence?rest_route=%2Fprivate_membership%2Flogout
2025-10-06 11:55:55,261 - INFO - Analyzing: https://cyberdefender.hk/en-us/artificial-intelligence?rest_route=%2Fprivate_membership%2Flogout
2025-10-06 11:56:00,756 - INFO - Completed 50 URLs, 49 successful, 1 failed
2025-10-06 11:56:00,756 - INFO - Progress: 51/250 - https://cyberdefender.hk/en-us/biometrics
2025-10-06 11:56:00,756 - INFO - Analyzing: https://cyberdefender.hk/en-us/biometrics
2025-10-06 11:56:06,597 - INFO - Progress: 52/250 - https://cyberdefender.hk/en-us/biometrics?rest_route=%2Fprivate_membership%2Flogout
2025-10-06 11:56:06,597 - INFO - Analyzing: https://cyberdefender.hk/en-us/biometrics?rest_route=%2Fprivate_membership%2Flogout
2025-10-06 11:56:12,708 - INFO - Progress: 53/250 - https://cyberdefender.hk/en-us/bughunting_campaign_2025
2025-10-06 11:56:12,708 - INFO - Analyzing: https://cyberdefender.hk/en-us/bughunting_campaign_2025
2025-10-06 11:56:18,537 - INFO - Progress: 54/250 - https://cyberdefender.hk/en-us/bughunting_campaign_2025?rest_route=%2Fprivate_membership%2Flogout
2025-10-06 11:56:18,537 - INFO - Analyzing: https://cyberdefender.hk/en-us/bughunting_campaign_2025?rest_route=%2Fprivate_membership%2Flogout
2025-10-06 11:56:24,154 - INFO - Progress: 55/250 - https://cyberdefender.hk/en-us/challenge2024
2025-10-06 11:56:24,154 - INFO - Analyzing: https://cyberdefender.hk/en-us/challenge2024
2025-10-06 11:56:29,455 - INFO - Progress: 56/250 - https://cyberdefender.hk/en-us/child-protection
2025-10-06 11:56:29,456 - INFO - Analyzing: https://cyberdefender.hk/en-us/child-protection
2025-10-06 11:56:34,646 - INFO - Progress: 57/250 - https://cyberdefender.hk/en-us/child-protection?rest_route=%2Fprivate_membership%2Flogout
2025-10-06 11:56:34,646 - INFO - Analyzing: https://cyberdefender.hk/en-us/child-protection?rest_route=%2Fprivate_membership%2Flogout
2025-10-06 11:56:40,024 - INFO - Progress: 58/250 - https://cyberdefender.hk/en-us/child_grooming
2025-10-06 11:56:40,024 - INFO - Analyzing: https://cyberdefender.hk/en-us/child_grooming
2025-10-06 11:56:45,206 - INFO - Progress: 59/250 - https://cyberdefender.hk/en-us/child_grooming?rest_route=%2Fprivate_membership%2Flogout
2025-10-06 11:56:45,206 - INFO - Analyzing: https://cyberdefender.hk/en-us/child_grooming?rest_route=%2Fprivate_membership%2Flogout
2025-10-06 11:56:51,104 - INFO - Progress: 60/250 - https://cyberdefender.hk/en-us/child_porn
2025-10-06 11:56:51,104 - INFO - Analyzing: https://cyberdefender.hk/en-us/child_porn
2025-10-06 11:56:56,228 - INFO - Progress: 61/250 - https://cyberdefender.hk/en-us/child_porn?rest_route=%2Fprivate_membership%2Flogout
2025-10-06 11:56:56,229 - INFO - Analyzing: https://cyberdefender.hk/en-us/child_porn?rest_route=%2Fprivate_membership%2Flogout
2025-10-06 11:57:02,019 - INFO - Progress: 62/250 - https://cyberdefender.hk/en-us/cloudcomputing
2025-10-06 11:57:02,020 - INFO - Analyzing: https://cyberdefender.hk/en-us/cloudcomputing
2025-10-06 11:57:07,343 - INFO - Progress: 63/250 - https://cyberdefender.hk/en-us/cloudcomputing?rest_route=%2Fprivate_membership%2Flogout
2025-10-06 11:57:07,343 - INFO - Analyzing: https://cyberdefender.hk/en-us/cloudcomputing?rest_route=%2Fprivate_membership%2Flogout
2025-10-06 11:57:13,081 - INFO - Progress: 64/250 - https://cyberdefender.hk/en-us/compensated_dating
2025-10-06 11:57:13,081 - INFO - Analyzing: https://cyberdefender.hk/en-us/compensated_dating
2025-10-06 11:57:19,377 - INFO - Progress: 65/250 - https://cyberdefender.hk/en-us/compensated_dating?rest_route=%2Fprivate_membership%2Flogout
2025-10-06 11:57:19,377 - INFO - Analyzing: https://cyberdefender.hk/en-us/compensated_dating?rest_route=%2Fprivate_membership%2Flogout
2025-10-06 11:57:25,001 - INFO - Progress: 66/250 - https://cyberdefender.hk/en-us/creditcard_misuse
2025-10-06 11:57:25,002 - INFO - Analyzing: https://cyberdefender.hk/en-us/creditcard_misuse
2025-10-06 11:57:30,813 - INFO - Progress: 67/250 - https://cyberdefender.hk/en-us/creditcard_misuse?rest_route=%2Fprivate_membership%2Flogout
2025-10-06 11:57:30,813 - INFO - Analyzing: https://cyberdefender.hk/en-us/creditcard_misuse?rest_route=%2Fprivate_membership%2Flogout
2025-10-06 11:57:36,595 - INFO - Progress: 68/250 - https://cyberdefender.hk/en-us/cryptocurrency
2025-10-06 11:57:36,595 - INFO - Analyzing: https://cyberdefender.hk/en-us/cryptocurrency
2025-10-06 11:57:42,412 - INFO - Progress: 69/250 - https://cyberdefender.hk/en-us/cryptocurrency?rest_route=%2Fprivate_membership%2Flogout
2025-10-06 11:57:42,413 - INFO - Analyzing: https://cyberdefender.hk/en-us/cryptocurrency?rest_route=%2Fprivate_membership%2Flogout
2025-10-06 11:57:49,621 - INFO - Progress: 70/250 - https://cyberdefender.hk/en-us/csatf
2025-10-06 11:57:49,621 - INFO - Analyzing: https://cyberdefender.hk/en-us/csatf
2025-10-06 11:57:51,510 - ERROR - Failed to analyze https://cyberdefender.hk/en-us/csatf: 404 Client Error: Not Found for url: https://cyberdefender.hk/en-us/csatf
2025-10-06 11:57:52,511 - INFO - Progress: 71/250 - https://cyberdefender.hk/en-us/cspa2025
2025-10-06 11:57:52,511 - INFO - Analyzing: https://cyberdefender.hk/en-us/cspa2025
2025-10-06 11:57:57,646 - INFO - Progress: 72/250 - https://cyberdefender.hk/en-us/cspa2025?rest_route=%2Fprivate_membership%2Flogout
2025-10-06 11:57:57,646 - INFO - Analyzing: https://cyberdefender.hk/en-us/cspa2025?rest_route=%2Fprivate_membership%2Flogout
2025-10-06 11:58:03,937 - INFO - Progress: 73/250 - https://cyberdefender.hk/en-us/cyber-hygiene
2025-10-06 11:58:03,937 - INFO - Analyzing: https://cyberdefender.hk/en-us/cyber-hygiene
2025-10-06 11:58:32,919 - INFO - Progress: 74/250 - https://cyberdefender.hk/en-us/cyber-hygiene?rest_route=%2Fprivate_membership%2Flogout
2025-10-06 11:58:32,920 - INFO - Analyzing: https://cyberdefender.hk/en-us/cyber-hygiene?rest_route=%2Fprivate_membership%2Flogout
2025-10-06 11:58:38,229 - INFO - Progress: 75/250 - https://cyberdefender.hk/en-us/cyberbullying
2025-10-06 11:58:38,230 - INFO - Analyzing: https://cyberdefender.hk/en-us/cyberbullying
2025-10-06 11:58:43,272 - INFO - Completed 75 URLs, 73 successful, 2 failed
2025-10-06 11:58:43,272 - INFO - Progress: 76/250 - https://cyberdefender.hk/en-us/cyberbullying?rest_route=%2Fprivate_membership%2Flogout
2025-10-06 11:58:43,272 - INFO - Analyzing: https://cyberdefender.hk/en-us/cyberbullying?rest_route=%2Fprivate_membership%2Flogout
2025-10-06 11:58:48,673 - INFO - Progress: 77/250 - https://cyberdefender.hk/en-us/cybercrime
2025-10-06 11:58:48,674 - INFO - Analyzing: https://cyberdefender.hk/en-us/cybercrime
2025-10-06 11:58:54,058 - INFO - Progress: 78/250 - https://cyberdefender.hk/en-us/cybercrime?rest_route=%2Fprivate_membership%2Flogout
2025-10-06 11:58:54,058 - INFO - Analyzing: https://cyberdefender.hk/en-us/cybercrime?rest_route=%2Fprivate_membership%2Flogout
2025-10-06 11:58:59,325 - INFO - Progress: 79/250 - https://cyberdefender.hk/en-us/cybersex
2025-10-06 11:58:59,326 - INFO - Analyzing: https://cyberdefender.hk/en-us/cybersex
2025-10-06 11:59:04,663 - INFO - Progress: 80/250 - https://cyberdefender.hk/en-us/cybersex?rest_route=%2Fprivate_membership%2Flogout
2025-10-06 11:59:04,663 - INFO - Analyzing: https://cyberdefender.hk/en-us/cybersex?rest_route=%2Fprivate_membership%2Flogout
2025-10-06 11:59:10,468 - INFO - Progress: 81/250 - https://cyberdefender.hk/en-us/darkweb
2025-10-06 11:59:10,469 - INFO - Analyzing: https://cyberdefender.hk/en-us/darkweb
2025-10-06 11:59:17,461 - INFO - Progress: 82/250 - https://cyberdefender.hk/en-us/darkweb?rest_route=%2Fprivate_membership%2Flogout
2025-10-06 11:59:17,462 - INFO - Analyzing: https://cyberdefender.hk/en-us/darkweb?rest_route=%2Fprivate_membership%2Flogout
2025-10-06 11:59:23,825 - INFO - Progress: 83/250 - https://cyberdefender.hk/en-us/ddos
2025-10-06 11:59:23,825 - INFO - Analyzing: https://cyberdefender.hk/en-us/ddos
2025-10-06 11:59:29,429 - INFO - Progress: 84/250 - https://cyberdefender.hk/en-us/ddos?rest_route=%2Fprivate_membership%2Flogout
2025-10-06 11:59:29,429 - INFO - Analyzing: https://cyberdefender.hk/en-us/ddos?rest_route=%2Fprivate_membership%2Flogout
2025-10-06 11:59:34,681 - INFO - Progress: 85/250 - https://cyberdefender.hk/en-us/deep-fake
2025-10-06 11:59:34,681 - INFO - Analyzing: https://cyberdefender.hk/en-us/deep-fake
2025-10-06 11:59:39,970 - INFO - Progress: 86/250 - https://cyberdefender.hk/en-us/deep-fake?rest_route=%2Fprivate_membership%2Flogout
2025-10-06 11:59:39,970 - INFO - Analyzing: https://cyberdefender.hk/en-us/deep-fake?rest_route=%2Fprivate_membership%2Flogout
2025-10-06 11:59:45,258 - INFO - Progress: 87/250 - https://cyberdefender.hk/en-us/digital_literacy
2025-10-06 11:59:45,259 - INFO - Analyzing: https://cyberdefender.hk/en-us/digital_literacy
2025-10-06 11:59:50,734 - INFO - Progress: 88/250 - https://cyberdefender.hk/en-us/digital_literacy?rest_route=%2Fprivate_membership%2Flogout
2025-10-06 11:59:50,735 - INFO - Analyzing: https://cyberdefender.hk/en-us/digital_literacy?rest_route=%2Fprivate_membership%2Flogout
2025-10-06 11:59:56,292 - INFO - Progress: 89/250 - https://cyberdefender.hk/en-us/disclaimer
2025-10-06 11:59:56,292 - INFO - Analyzing: https://cyberdefender.hk/en-us/disclaimer
2025-10-06 12:00:01,486 - INFO - Progress: 90/250 - https://cyberdefender.hk/en-us/disclaimer?rest_route=%2Fprivate_membership%2Flogout
2025-10-06 12:00:01,487 - INFO - Analyzing: https://cyberdefender.hk/en-us/disclaimer?rest_route=%2Fprivate_membership%2Flogout
2025-10-06 12:00:08,072 - INFO - Progress: 91/250 - https://cyberdefender.hk/en-us/dispose-old-mobile-phone-safely
2025-10-06 12:00:08,072 - INFO - Analyzing: https://cyberdefender.hk/en-us/dispose-old-mobile-phone-safely
2025-10-06 12:00:14,075 - INFO - Progress: 92/250 - https://cyberdefender.hk/en-us/dispose-old-mobile-phone-safely?rest_route=%2Fprivate_membership%2Flogout
2025-10-06 12:00:14,076 - INFO - Analyzing: https://cyberdefender.hk/en-us/dispose-old-mobile-phone-safely?rest_route=%2Fprivate_membership%2Flogout
2025-10-06 12:00:20,248 - INFO - Progress: 93/250 - https://cyberdefender.hk/en-us/doxxing
2025-10-06 12:00:20,248 - INFO - Analyzing: https://cyberdefender.hk/en-us/doxxing
2025-10-06 12:00:25,848 - INFO - Progress: 94/250 - https://cyberdefender.hk/en-us/doxxing?rest_route=%2Fprivate_membership%2Flogout
2025-10-06 12:00:25,848 - INFO - Analyzing: https://cyberdefender.hk/en-us/doxxing?rest_route=%2Fprivate_membership%2Flogout
2025-10-06 12:00:31,608 - INFO - Progress: 95/250 - https://cyberdefender.hk/en-us/e-hkd
2025-10-06 12:00:31,608 - INFO - Analyzing: https://cyberdefender.hk/en-us/e-hkd
2025-10-06 12:00:37,317 - INFO - Progress: 96/250 - https://cyberdefender.hk/en-us/e-hkd?rest_route=%2Fprivate_membership%2Flogout
2025-10-06 12:00:37,317 - INFO - Analyzing: https://cyberdefender.hk/en-us/e-hkd?rest_route=%2Fprivate_membership%2Flogout
2025-10-06 12:00:42,770 - INFO - Progress: 97/250 - https://cyberdefender.hk/en-us/email_scam
2025-10-06 12:00:42,770 - INFO - Analyzing: https://cyberdefender.hk/en-us/email_scam
2025-10-06 12:00:47,894 - INFO - Progress: 98/250 - https://cyberdefender.hk/en-us/email_scam?rest_route=%2Fprivate_membership%2Flogout
2025-10-06 12:00:47,894 - INFO - Analyzing: https://cyberdefender.hk/en-us/email_scam?rest_route=%2Fprivate_membership%2Flogout
2025-10-06 12:00:53,591 - INFO - Progress: 99/250 - https://cyberdefender.hk/en-us/ethical-phishing-email-campaign
2025-10-06 12:00:53,592 - INFO - Analyzing: https://cyberdefender.hk/en-us/ethical-phishing-email-campaign
2025-10-06 12:00:58,952 - INFO - Progress: 100/250 - https://cyberdefender.hk/en-us/events_and_resources
2025-10-06 12:00:58,952 - INFO - Analyzing: https://cyberdefender.hk/en-us/events_and_resources
2025-10-06 12:01:09,152 - INFO - Completed 100 URLs, 98 successful, 2 failed
2025-10-06 12:01:09,152 - INFO - Progress: 101/250 - https://cyberdefender.hk/en-us/events_and_resources?rest_route=%2Fprivate_membership%2Flogout
2025-10-06 12:01:09,152 - INFO - Analyzing: https://cyberdefender.hk/en-us/events_and_resources?rest_route=%2Fprivate_membership%2Flogout
2025-10-06 12:01:15,294 - INFO - Progress: 102/250 - https://cyberdefender.hk/en-us/fakenews
2025-10-06 12:01:15,295 - INFO - Analyzing: https://cyberdefender.hk/en-us/fakenews
2025-10-06 12:01:21,014 - INFO - Progress: 103/250 - https://cyberdefender.hk/en-us/fakenews?rest_route=%2Fprivate_membership%2Flogout
2025-10-06 12:01:21,014 - INFO - Analyzing: https://cyberdefender.hk/en-us/fakenews?rest_route=%2Fprivate_membership%2Flogout
2025-10-06 12:01:26,317 - INFO - Progress: 104/250 - https://cyberdefender.hk/en-us/firewall_setting
2025-10-06 12:01:26,318 - INFO - Analyzing: https://cyberdefender.hk/en-us/firewall_setting
2025-10-06 12:01:31,678 - INFO - Progress: 105/250 - https://cyberdefender.hk/en-us/firewall_setting?rest_route=%2Fprivate_membership%2Flogout
2025-10-06 12:01:31,678 - INFO - Analyzing: https://cyberdefender.hk/en-us/firewall_setting?rest_route=%2Fprivate_membership%2Flogout
2025-10-06 12:01:37,209 - INFO - Progress: 106/250 - https://cyberdefender.hk/en-us/guideline_for_teens
2025-10-06 12:01:37,209 - INFO - Analyzing: https://cyberdefender.hk/en-us/guideline_for_teens
2025-10-06 12:01:42,518 - INFO - Progress: 107/250 - https://cyberdefender.hk/en-us/guideline_for_teens?rest_route=%2Fprivate_membership%2Flogout
2025-10-06 12:01:42,519 - INFO - Analyzing: https://cyberdefender.hk/en-us/guideline_for_teens?rest_route=%2Fprivate_membership%2Flogout
2025-10-06 12:01:47,891 - INFO - Progress: 108/250 - https://cyberdefender.hk/en-us/how-to-spot-cyberbullying
2025-10-06 12:01:47,891 - INFO - Analyzing: https://cyberdefender.hk/en-us/how-to-spot-cyberbullying
2025-10-06 12:01:52,886 - INFO - Progress: 109/250 - https://cyberdefender.hk/en-us/how-to-spot-fakenews-and-make-sure-youre-not-spreading-false-information
2025-10-06 12:01:52,887 - INFO - Analyzing: https://cyberdefender.hk/en-us/how-to-spot-fakenews-and-make-sure-youre-not-spreading-false-information
2025-10-06 12:01:58,067 - INFO - Progress: 110/250 - https://cyberdefender.hk/en-us/http-404
2025-10-06 12:01:58,067 - INFO - Analyzing: https://cyberdefender.hk/en-us/http-404
2025-10-06 12:02:03,474 - INFO - Progress: 111/250 - https://cyberdefender.hk/en-us/http-404?rest_route=%2Fprivate_membership%2Flogout
2025-10-06 12:02:03,475 - INFO - Analyzing: https://cyberdefender.hk/en-us/http-404?rest_route=%2Fprivate_membership%2Flogout
2025-10-06 12:02:09,314 - INFO - Progress: 112/250 - https://cyberdefender.hk/en-us/investment_fraud
2025-10-06 12:02:09,315 - INFO - Analyzing: https://cyberdefender.hk/en-us/investment_fraud
2025-10-06 12:02:15,178 - INFO - Progress: 113/250 - https://cyberdefender.hk/en-us/investment_fraud?rest_route=%2Fprivate_membership%2Flogout
2025-10-06 12:02:15,179 - INFO - Analyzing: https://cyberdefender.hk/en-us/investment_fraud?rest_route=%2Fprivate_membership%2Flogout
2025-10-06 12:02:21,347 - INFO - Progress: 114/250 - https://cyberdefender.hk/en-us/iot
2025-10-06 12:02:21,347 - INFO - Analyzing: https://cyberdefender.hk/en-us/iot
2025-10-06 12:02:26,537 - INFO - Progress: 115/250 - https://cyberdefender.hk/en-us/iot?rest_route=%2Fprivate_membership%2Flogout
2025-10-06 12:02:26,538 - INFO - Analyzing: https://cyberdefender.hk/en-us/iot?rest_route=%2Fprivate_membership%2Flogout
2025-10-06 12:02:32,074 - INFO - Progress: 116/250 - https://cyberdefender.hk/en-us/iot_attack
2025-10-06 12:02:32,074 - INFO - Analyzing: https://cyberdefender.hk/en-us/iot_attack
2025-10-06 12:02:37,256 - INFO - Progress: 117/250 - https://cyberdefender.hk/en-us/iot_attack?rest_route=%2Fprivate_membership%2Flogout
2025-10-06 12:02:37,256 - INFO - Analyzing: https://cyberdefender.hk/en-us/iot_attack?rest_route=%2Fprivate_membership%2Flogout
2025-10-06 12:02:42,552 - INFO - Progress: 118/250 - https://cyberdefender.hk/en-us/iphone-anti-virus
2025-10-06 12:02:42,553 - INFO - Analyzing: https://cyberdefender.hk/en-us/iphone-anti-virus
2025-10-06 12:02:47,835 - INFO - Progress: 119/250 - https://cyberdefender.hk/en-us/iphone-anti-virus?rest_route=%2Fprivate_membership%2Flogout
2025-10-06 12:02:47,836 - INFO - Analyzing: https://cyberdefender.hk/en-us/iphone-anti-virus?rest_route=%2Fprivate_membership%2Flogout
2025-10-06 12:02:53,508 - INFO - Progress: 120/250 - https://cyberdefender.hk/en-us/it-basics
2025-10-06 12:02:53,508 - INFO - Analyzing: https://cyberdefender.hk/en-us/it-basics
2025-10-06 12:02:58,573 - INFO - Progress: 121/250 - https://cyberdefender.hk/en-us/it-basics?rest_route=%2Fprivate_membership%2Flogout
2025-10-06 12:02:58,573 - INFO - Analyzing: https://cyberdefender.hk/en-us/it-basics?rest_route=%2Fprivate_membership%2Flogout
2025-10-06 12:03:04,189 - INFO - Progress: 122/250 - https://cyberdefender.hk/en-us/keep-your-money-safe-from-scams-when-shopping-online
2025-10-06 12:03:04,189 - INFO - Analyzing: https://cyberdefender.hk/en-us/keep-your-money-safe-from-scams-when-shopping-online
2025-10-06 12:03:09,784 - INFO - Progress: 123/250 - https://cyberdefender.hk/en-us/know-more-about-the-control-of-obscene-and-indecent-articles-ordinance
2025-10-06 12:03:09,784 - INFO - Analyzing: https://cyberdefender.hk/en-us/know-more-about-the-control-of-obscene-and-indecent-articles-ordinance
2025-10-06 12:03:17,018 - INFO - Progress: 124/250 - https://cyberdefender.hk/en-us/learning-resources
2025-10-06 12:03:17,018 - INFO - Analyzing: https://cyberdefender.hk/en-us/learning-resources
2025-10-06 12:03:22,774 - INFO - Progress: 125/250 - https://cyberdefender.hk/en-us/learning-resources?rest_route=%2Fprivate_membership%2Flogout
2025-10-06 12:03:22,775 - INFO - Analyzing: https://cyberdefender.hk/en-us/learning-resources?rest_route=%2Fprivate_membership%2Flogout
2025-10-06 12:03:28,441 - INFO - Completed 125 URLs, 123 successful, 2 failed
2025-10-06 12:03:28,442 - INFO - Progress: 126/250 - https://cyberdefender.hk/en-us/make-sure-youre-being-safe-online
2025-10-06 12:03:28,442 - INFO - Analyzing: https://cyberdefender.hk/en-us/make-sure-youre-being-safe-online
2025-10-06 12:03:33,639 - INFO - Progress: 127/250 - https://cyberdefender.hk/en-us/member_login
2025-10-06 12:03:33,639 - INFO - Analyzing: https://cyberdefender.hk/en-us/member_login
2025-10-06 12:03:40,956 - INFO - Progress: 128/250 - https://cyberdefender.hk/en-us/member_login?rest_route=%2Fprivate_membership%2Flogout
2025-10-06 12:03:40,956 - INFO - Analyzing: https://cyberdefender.hk/en-us/member_login?rest_route=%2Fprivate_membership%2Flogout
2025-10-06 12:03:46,536 - INFO - Progress: 129/250 - https://cyberdefender.hk/en-us/metaverse
2025-10-06 12:03:46,536 - INFO - Analyzing: https://cyberdefender.hk/en-us/metaverse
2025-10-06 12:03:51,788 - INFO - Progress: 130/250 - https://cyberdefender.hk/en-us/metaverse?rest_route=%2Fprivate_membership%2Flogout
2025-10-06 12:03:51,789 - INFO - Analyzing: https://cyberdefender.hk/en-us/metaverse?rest_route=%2Fprivate_membership%2Flogout
2025-10-06 12:03:57,172 - INFO - Progress: 131/250 - https://cyberdefender.hk/en-us/mitm
2025-10-06 12:03:57,172 - INFO - Analyzing: https://cyberdefender.hk/en-us/mitm
2025-10-06 12:04:03,378 - INFO - Progress: 132/250 - https://cyberdefender.hk/en-us/mitm?rest_route=%2Fprivate_membership%2Flogout
2025-10-06 12:04:03,379 - INFO - Analyzing: https://cyberdefender.hk/en-us/mitm?rest_route=%2Fprivate_membership%2Flogout
2025-10-06 12:04:09,689 - INFO - Progress: 133/250 - https://cyberdefender.hk/en-us/mobile-payment
2025-10-06 12:04:09,689 - INFO - Analyzing: https://cyberdefender.hk/en-us/mobile-payment
2025-10-06 12:04:15,645 - INFO - Progress: 134/250 - https://cyberdefender.hk/en-us/mobile-payment?rest_route=%2Fprivate_membership%2Flogout
2025-10-06 12:04:15,645 - INFO - Analyzing: https://cyberdefender.hk/en-us/mobile-payment?rest_route=%2Fprivate_membership%2Flogout
2025-10-06 12:04:21,766 - INFO - Progress: 135/250 - https://cyberdefender.hk/en-us/naked_chat
2025-10-06 12:04:21,766 - INFO - Analyzing: https://cyberdefender.hk/en-us/naked_chat
2025-10-06 12:04:27,036 - INFO - Progress: 136/250 - https://cyberdefender.hk/en-us/naked_chat?rest_route=%2Fprivate_membership%2Flogout
2025-10-06 12:04:27,036 - INFO - Analyzing: https://cyberdefender.hk/en-us/naked_chat?rest_route=%2Fprivate_membership%2Flogout
2025-10-06 12:04:32,674 - INFO - Progress: 137/250 - https://cyberdefender.hk/en-us/netiquette
2025-10-06 12:04:32,674 - INFO - Analyzing: https://cyberdefender.hk/en-us/netiquette
2025-10-06 12:04:37,997 - INFO - Progress: 138/250 - https://cyberdefender.hk/en-us/netiquette?rest_route=%2Fprivate_membership%2Flogout
2025-10-06 12:04:37,997 - INFO - Analyzing: https://cyberdefender.hk/en-us/netiquette?rest_route=%2Fprivate_membership%2Flogout
2025-10-06 12:04:43,465 - INFO - Progress: 139/250 - https://cyberdefender.hk/en-us/non-fungible-token
2025-10-06 12:04:43,466 - INFO - Analyzing: https://cyberdefender.hk/en-us/non-fungible-token
2025-10-06 12:04:48,639 - INFO - Progress: 140/250 - https://cyberdefender.hk/en-us/non-fungible-token?rest_route=%2Fprivate_membership%2Flogout
2025-10-06 12:04:48,640 - INFO - Analyzing: https://cyberdefender.hk/en-us/non-fungible-token?rest_route=%2Fprivate_membership%2Flogout
2025-10-06 12:04:54,503 - INFO - Progress: 141/250 - https://cyberdefender.hk/en-us/online-account-hijacking
2025-10-06 12:04:54,503 - INFO - Analyzing: https://cyberdefender.hk/en-us/online-account-hijacking
2025-10-06 12:05:00,008 - INFO - Progress: 142/250 - https://cyberdefender.hk/en-us/online-account-hijacking?rest_route=%2Fprivate_membership%2Flogout
2025-10-06 12:05:00,008 - INFO - Analyzing: https://cyberdefender.hk/en-us/online-account-hijacking?rest_route=%2Fprivate_membership%2Flogout
2025-10-06 12:05:05,729 - INFO - Progress: 143/250 - https://cyberdefender.hk/en-us/online_employment_fraud
2025-10-06 12:05:05,730 - INFO - Analyzing: https://cyberdefender.hk/en-us/online_employment_fraud
2025-10-06 12:05:12,241 - INFO - Progress: 144/250 - https://cyberdefender.hk/en-us/online_employment_fraud?rest_route=%2Fprivate_membership%2Flogout
2025-10-06 12:05:12,241 - INFO - Analyzing: https://cyberdefender.hk/en-us/online_employment_fraud?rest_route=%2Fprivate_membership%2Flogout
2025-10-06 12:05:18,634 - INFO - Progress: 145/250 - https://cyberdefender.hk/en-us/online_shopping_fraud
2025-10-06 12:05:18,634 - INFO - Analyzing: https://cyberdefender.hk/en-us/online_shopping_fraud
2025-10-06 12:05:24,213 - INFO - Progress: 146/250 - https://cyberdefender.hk/en-us/online_shopping_fraud?rest_route=%2Fprivate_membership%2Flogout
2025-10-06 12:05:24,213 - INFO - Analyzing: https://cyberdefender.hk/en-us/online_shopping_fraud?rest_route=%2Fprivate_membership%2Flogout
2025-10-06 12:05:29,904 - INFO - Progress: 147/250 - https://cyberdefender.hk/en-us/page/15
2025-10-06 12:05:29,905 - INFO - Analyzing: https://cyberdefender.hk/en-us/page/15
2025-10-06 12:05:35,389 - INFO - Progress: 148/250 - https://cyberdefender.hk/en-us/page/16
2025-10-06 12:05:35,389 - INFO - Analyzing: https://cyberdefender.hk/en-us/page/16
2025-10-06 12:05:40,608 - INFO - Progress: 149/250 - https://cyberdefender.hk/en-us/page/17
2025-10-06 12:05:40,608 - INFO - Analyzing: https://cyberdefender.hk/en-us/page/17
2025-10-06 12:05:45,914 - INFO - Progress: 150/250 - https://cyberdefender.hk/en-us/page/17?rest_route=%2Fprivate_membership%2Flogout
2025-10-06 12:05:45,914 - INFO - Analyzing: https://cyberdefender.hk/en-us/page/17?rest_route=%2Fprivate_membership%2Flogout
2025-10-06 12:05:51,397 - INFO - Completed 150 URLs, 148 successful, 2 failed
2025-10-06 12:05:51,397 - INFO - Progress: 151/250 - https://cyberdefender.hk/en-us/page/2
2025-10-06 12:05:51,397 - INFO - Analyzing: https://cyberdefender.hk/en-us/page/2
2025-10-06 12:05:56,638 - INFO - Progress: 152/250 - https://cyberdefender.hk/en-us/page/2?rest_route=%2Fprivate_membership%2Flogout
2025-10-06 12:05:56,638 - INFO - Analyzing: https://cyberdefender.hk/en-us/page/2?rest_route=%2Fprivate_membership%2Flogout
2025-10-06 12:06:02,137 - INFO - Progress: 153/250 - https://cyberdefender.hk/en-us/page/3
2025-10-06 12:06:02,137 - INFO - Analyzing: https://cyberdefender.hk/en-us/page/3
2025-10-06 12:06:07,825 - INFO - Progress: 154/250 - https://cyberdefender.hk/en-us/page/3?rest_route=%2Fprivate_membership%2Flogout
2025-10-06 12:06:07,825 - INFO - Analyzing: https://cyberdefender.hk/en-us/page/3?rest_route=%2Fprivate_membership%2Flogout
2025-10-06 12:06:14,301 - INFO - Progress: 155/250 - https://cyberdefender.hk/en-us/page/4
2025-10-06 12:06:14,301 - INFO - Analyzing: https://cyberdefender.hk/en-us/page/4
2025-10-06 12:06:20,544 - INFO - Progress: 156/250 - https://cyberdefender.hk/en-us/page/5
2025-10-06 12:06:20,545 - INFO - Analyzing: https://cyberdefender.hk/en-us/page/5
2025-10-06 12:06:26,669 - INFO - Progress: 157/250 - https://cyberdefender.hk/en-us/parents-and-teachers
2025-10-06 12:06:26,669 - INFO - Analyzing: https://cyberdefender.hk/en-us/parents-and-teachers
2025-10-06 12:06:31,899 - INFO - Progress: 158/250 - https://cyberdefender.hk/en-us/parents-and-teachers?rest_route=%2Fprivate_membership%2Flogout
2025-10-06 12:06:31,900 - INFO - Analyzing: https://cyberdefender.hk/en-us/parents-and-teachers?rest_route=%2Fprivate_membership%2Flogout
2025-10-06 12:06:37,649 - INFO - Progress: 159/250 - https://cyberdefender.hk/en-us/password-strength-tool
2025-10-06 12:06:37,649 - INFO - Analyzing: https://cyberdefender.hk/en-us/password-strength-tool
2025-10-06 12:06:42,757 - INFO - Progress: 160/250 - https://cyberdefender.hk/en-us/password-strength-tool?rest_route=%2Fprivate_membership%2Flogout
2025-10-06 12:06:42,757 - INFO - Analyzing: https://cyberdefender.hk/en-us/password-strength-tool?rest_route=%2Fprivate_membership%2Flogout
2025-10-06 12:06:48,297 - INFO - Progress: 161/250 - https://cyberdefender.hk/en-us/phishing_attack
2025-10-06 12:06:48,298 - INFO - Analyzing: https://cyberdefender.hk/en-us/phishing_attack
2025-10-06 12:06:53,842 - INFO - Progress: 162/250 - https://cyberdefender.hk/en-us/phishing_attack?rest_route=%2Fprivate_membership%2Flogout
2025-10-06 12:06:53,842 - INFO - Analyzing: https://cyberdefender.hk/en-us/phishing_attack?rest_route=%2Fprivate_membership%2Flogout
2025-10-06 12:06:59,436 - INFO - Progress: 163/250 - https://cyberdefender.hk/en-us/privacy-policy
2025-10-06 12:06:59,436 - INFO - Analyzing: https://cyberdefender.hk/en-us/privacy-policy
2025-10-06 12:07:04,917 - INFO - Progress: 164/250 - https://cyberdefender.hk/en-us/privacy-policy?rest_route=%2Fprivate_membership%2Flogout
2025-10-06 12:07:04,917 - INFO - Analyzing: https://cyberdefender.hk/en-us/privacy-policy?rest_route=%2Fprivate_membership%2Flogout
2025-10-06 12:07:10,794 - INFO - Progress: 165/250 - https://cyberdefender.hk/en-us/privacy_setting
2025-10-06 12:07:10,795 - INFO - Analyzing: https://cyberdefender.hk/en-us/privacy_setting
2025-10-06 12:07:17,215 - INFO - Progress: 166/250 - https://cyberdefender.hk/en-us/privacy_setting?rest_route=%2Fprivate_membership%2Flogout
2025-10-06 12:07:17,216 - INFO - Analyzing: https://cyberdefender.hk/en-us/privacy_setting?rest_route=%2Fprivate_membership%2Flogout
2025-10-06 12:07:23,145 - INFO - Progress: 167/250 - https://cyberdefender.hk/en-us/protect-your-privacy-online
2025-10-06 12:07:23,145 - INFO - Analyzing: https://cyberdefender.hk/en-us/protect-your-privacy-online
2025-10-06 12:07:28,104 - INFO - Progress: 168/250 - https://cyberdefender.hk/en-us/protect_privacy
2025-10-06 12:07:28,105 - INFO - Analyzing: https://cyberdefender.hk/en-us/protect_privacy
2025-10-06 12:07:33,103 - INFO - Progress: 169/250 - https://cyberdefender.hk/en-us/protect_privacy?rest_route=%2Fprivate_membership%2Flogout
2025-10-06 12:07:33,104 - INFO - Analyzing: https://cyberdefender.hk/en-us/protect_privacy?rest_route=%2Fprivate_membership%2Flogout
2025-10-06 12:07:39,256 - INFO - Progress: 170/250 - https://cyberdefender.hk/en-us/public_wifi_safety
2025-10-06 12:07:39,256 - INFO - Analyzing: https://cyberdefender.hk/en-us/public_wifi_safety
2025-10-06 12:07:44,584 - INFO - Progress: 171/250 - https://cyberdefender.hk/en-us/public_wifi_safety?rest_route=%2Fprivate_membership%2Flogout
2025-10-06 12:07:44,584 - INFO - Analyzing: https://cyberdefender.hk/en-us/public_wifi_safety?rest_route=%2Fprivate_membership%2Flogout
2025-10-06 12:07:50,134 - INFO - Progress: 172/250 - https://cyberdefender.hk/en-us/ransomware
2025-10-06 12:07:50,134 - INFO - Analyzing: https://cyberdefender.hk/en-us/ransomware
2025-10-06 12:07:55,520 - INFO - Progress: 173/250 - https://cyberdefender.hk/en-us/ransomware?rest_route=%2Fprivate_membership%2Flogout
2025-10-06 12:07:55,520 - INFO - Analyzing: https://cyberdefender.hk/en-us/ransomware?rest_route=%2Fprivate_membership%2Flogout
2025-10-06 12:08:00,956 - INFO - Progress: 174/250 - https://cyberdefender.hk/en-us/recovery_phrase
2025-10-06 12:08:00,956 - INFO - Analyzing: https://cyberdefender.hk/en-us/recovery_phrase
2025-10-06 12:08:06,315 - INFO - Progress: 175/250 - https://cyberdefender.hk/en-us/recovery_phrase?rest_route=%2Fprivate_membership%2Flogout
2025-10-06 12:08:06,315 - INFO - Analyzing: https://cyberdefender.hk/en-us/recovery_phrase?rest_route=%2Fprivate_membership%2Flogout
2025-10-06 12:08:12,671 - INFO - Completed 175 URLs, 173 successful, 2 failed
2025-10-06 12:08:12,671 - INFO - Progress: 176/250 - https://cyberdefender.hk/en-us/romance_scam
2025-10-06 12:08:12,671 - INFO - Analyzing: https://cyberdefender.hk/en-us/romance_scam
2025-10-06 12:08:18,985 - INFO - Progress: 177/250 - https://cyberdefender.hk/en-us/romance_scam?rest_route=%2Fprivate_membership%2Flogout
2025-10-06 12:08:18,985 - INFO - Analyzing: https://cyberdefender.hk/en-us/romance_scam?rest_route=%2Fprivate_membership%2Flogout
2025-10-06 12:08:24,684 - INFO - Progress: 178/250 - https://cyberdefender.hk/en-us/scameter
2025-10-06 12:08:24,684 - INFO - Analyzing: https://cyberdefender.hk/en-us/scameter
2025-10-06 12:08:29,922 - INFO - Progress: 179/250 - https://cyberdefender.hk/en-us/scameter?rest_route=%2Fprivate_membership%2Flogout
2025-10-06 12:08:29,922 - INFO - Analyzing: https://cyberdefender.hk/en-us/scameter?rest_route=%2Fprivate_membership%2Flogout
2025-10-06 12:08:35,467 - INFO - Progress: 180/250 - https://cyberdefender.hk/en-us/secure-your-device
2025-10-06 12:08:35,468 - INFO - Analyzing: https://cyberdefender.hk/en-us/secure-your-device
2025-10-06 12:08:40,532 - INFO - Progress: 181/250 - https://cyberdefender.hk/en-us/secure-your-device?rest_route=%2Fprivate_membership%2Flogout
2025-10-06 12:08:40,532 - INFO - Analyzing: https://cyberdefender.hk/en-us/secure-your-device?rest_route=%2Fprivate_membership%2Flogout
2025-10-06 12:08:45,942 - INFO - Progress: 182/250 - https://cyberdefender.hk/en-us/security_tools
2025-10-06 12:08:45,942 - INFO - Analyzing: https://cyberdefender.hk/en-us/security_tools
2025-10-06 12:08:51,169 - INFO - Progress: 183/250 - https://cyberdefender.hk/en-us/security_tools?rest_route=%2Fprivate_membership%2Flogout
2025-10-06 12:08:51,170 - INFO - Analyzing: https://cyberdefender.hk/en-us/security_tools?rest_route=%2Fprivate_membership%2Flogout
2025-10-06 12:08:56,662 - INFO - Progress: 184/250 - https://cyberdefender.hk/en-us/social_media_security
2025-10-06 12:08:56,663 - INFO - Analyzing: https://cyberdefender.hk/en-us/social_media_security
2025-10-06 12:09:01,987 - INFO - Progress: 185/250 - https://cyberdefender.hk/en-us/social_media_security?rest_route=%2Fprivate_membership%2Flogout
2025-10-06 12:09:01,987 - INFO - Analyzing: https://cyberdefender.hk/en-us/social_media_security?rest_route=%2Fprivate_membership%2Flogout
2025-10-06 12:09:08,149 - INFO - Progress: 186/250 - https://cyberdefender.hk/en-us/statistics
2025-10-06 12:09:08,149 - INFO - Analyzing: https://cyberdefender.hk/en-us/statistics
2025-10-06 12:09:14,559 - INFO - Progress: 187/250 - https://cyberdefender.hk/en-us/statistics?rest_route=%2Fprivate_membership%2Flogout
2025-10-06 12:09:14,559 - INFO - Analyzing: https://cyberdefender.hk/en-us/statistics?rest_route=%2Fprivate_membership%2Flogout
2025-10-06 12:09:21,361 - INFO - Progress: 188/250 - https://cyberdefender.hk/en-us/story
2025-10-06 12:09:21,362 - INFO - Analyzing: https://cyberdefender.hk/en-us/story
2025-10-06 12:09:26,951 - INFO - Progress: 189/250 - https://cyberdefender.hk/en-us/story?rest_route=%2Fprivate_membership%2Flogout
2025-10-06 12:09:26,951 - INFO - Analyzing: https://cyberdefender.hk/en-us/story?rest_route=%2Fprivate_membership%2Flogout
2025-10-06 12:09:32,352 - INFO - Progress: 190/250 - https://cyberdefender.hk/en-us/suspicious-proxy-alert
2025-10-06 12:09:32,352 - INFO - Analyzing: https://cyberdefender.hk/en-us/suspicious-proxy-alert
2025-10-06 12:09:38,383 - INFO - Progress: 191/250 - https://cyberdefender.hk/en-us/suspicious-proxy-alert?rest_route=%2Fprivate_membership%2Flogout
2025-10-06 12:09:38,383 - INFO - Analyzing: https://cyberdefender.hk/en-us/suspicious-proxy-alert?rest_route=%2Fprivate_membership%2Flogout
2025-10-06 12:09:44,477 - INFO - Progress: 192/250 - https://cyberdefender.hk/en-us/theft_of_identity
2025-10-06 12:09:44,477 - INFO - Analyzing: https://cyberdefender.hk/en-us/theft_of_identity
2025-10-06 12:09:52,322 - INFO - Progress: 193/250 - https://cyberdefender.hk/en-us/theft_of_identity?rest_route=%2Fprivate_membership%2Flogout
2025-10-06 12:09:52,322 - INFO - Analyzing: https://cyberdefender.hk/en-us/theft_of_identity?rest_route=%2Fprivate_membership%2Flogout
2025-10-06 12:09:57,705 - INFO - Progress: 194/250 - https://cyberdefender.hk/en-us/useful_link
2025-10-06 12:09:57,705 - INFO - Analyzing: https://cyberdefender.hk/en-us/useful_link
2025-10-06 12:10:03,363 - INFO - Progress: 195/250 - https://cyberdefender.hk/en-us/useful_link?rest_route=%2Fprivate_membership%2Flogout
2025-10-06 12:10:03,363 - INFO - Analyzing: https://cyberdefender.hk/en-us/useful_link?rest_route=%2Fprivate_membership%2Flogout
2025-10-06 12:10:08,990 - INFO - Progress: 196/250 - https://cyberdefender.hk/en-us/victim_mentality
2025-10-06 12:10:08,991 - INFO - Analyzing: https://cyberdefender.hk/en-us/victim_mentality
2025-10-06 12:10:14,904 - INFO - Progress: 197/250 - https://cyberdefender.hk/en-us/victim_mentality?rest_route=%2Fprivate_membership%2Flogout
2025-10-06 12:10:14,904 - INFO - Analyzing: https://cyberdefender.hk/en-us/victim_mentality?rest_route=%2Fprivate_membership%2Flogout
2025-10-06 12:10:21,106 - INFO - Progress: 198/250 - https://cyberdefender.hk/en-us/video_leaflet
2025-10-06 12:10:21,106 - INFO - Analyzing: https://cyberdefender.hk/en-us/video_leaflet
2025-10-06 12:10:26,361 - INFO - Progress: 199/250 - https://cyberdefender.hk/en-us/video_leaflet?rest_route=%2Fprivate_membership%2Flogout
2025-10-06 12:10:26,362 - INFO - Analyzing: https://cyberdefender.hk/en-us/video_leaflet?rest_route=%2Fprivate_membership%2Flogout
2025-10-06 12:10:32,078 - INFO - Progress: 200/250 - https://cyberdefender.hk/en-us/voyeurism
2025-10-06 12:10:32,078 - INFO - Analyzing: https://cyberdefender.hk/en-us/voyeurism
2025-10-06 12:10:37,724 - INFO - Completed 200 URLs, 198 successful, 2 failed
2025-10-06 12:10:37,724 - INFO - Progress: 201/250 - https://cyberdefender.hk/en-us/voyeurism?rest_route=%2Fprivate_membership%2Flogout
2025-10-06 12:10:37,724 - INFO - Analyzing: https://cyberdefender.hk/en-us/voyeurism?rest_route=%2Fprivate_membership%2Flogout
2025-10-06 12:10:43,120 - INFO - Progress: 202/250 - https://cyberdefender.hk/en-us/what-is-phishing-how-to-protect-yourself-and-your-money-online
2025-10-06 12:10:43,120 - INFO - Analyzing: https://cyberdefender.hk/en-us/what-is-phishing-how-to-protect-yourself-and-your-money-online
2025-10-06 12:10:48,180 - INFO - Progress: 203/250 - https://cyberdefender.hk/en-us/whats-cookie
2025-10-06 12:10:48,181 - INFO - Analyzing: https://cyberdefender.hk/en-us/whats-cookie
2025-10-06 12:10:53,495 - INFO - Progress: 204/250 - https://cyberdefender.hk/en-us/whats-cookie?rest_route=%2Fprivate_membership%2Flogout
2025-10-06 12:10:53,495 - INFO - Analyzing: https://cyberdefender.hk/en-us/whats-cookie?rest_route=%2Fprivate_membership%2Flogout
2025-10-06 12:10:59,713 - INFO - Progress: 205/250 - https://cyberdefender.hk/en-us/why-you-need-to-protect-your-privacy-when-using-free-wi-fi
2025-10-06 12:10:59,713 - INFO - Analyzing: https://cyberdefender.hk/en-us/why-you-need-to-protect-your-privacy-when-using-free-wi-fi
2025-10-06 12:11:06,113 - INFO - Progress: 206/250 - https://cyberdefender.hk/en-us?rest_route=%2Fprivate_membership%2Flogout
2025-10-06 12:11:06,114 - INFO - Analyzing: https://cyberdefender.hk/en-us?rest_route=%2Fprivate_membership%2Flogout
2025-10-06 12:11:14,524 - INFO - Progress: 207/250 - https://cyberdefender.hk/events_and_resources
2025-10-06 12:11:14,524 - INFO - Analyzing: https://cyberdefender.hk/events_and_resources
2025-10-06 12:11:20,746 - INFO - Progress: 208/250 - https://cyberdefender.hk/fakenews
2025-10-06 12:11:20,747 - INFO - Analyzing: https://cyberdefender.hk/fakenews
2025-10-06 12:11:26,210 - INFO - Progress: 209/250 - https://cyberdefender.hk/firewall_setting
2025-10-06 12:11:26,210 - INFO - Analyzing: https://cyberdefender.hk/firewall_setting
2025-10-06 12:11:31,836 - INFO - Progress: 210/250 - https://cyberdefender.hk/guideline_for_teens
2025-10-06 12:11:31,836 - INFO - Analyzing: https://cyberdefender.hk/guideline_for_teens
2025-10-06 12:11:37,264 - INFO - Progress: 211/250 - https://cyberdefender.hk/http-404
2025-10-06 12:11:37,264 - INFO - Analyzing: https://cyberdefender.hk/http-404
2025-10-06 12:11:42,373 - INFO - Progress: 212/250 - https://cyberdefender.hk/investment_fraud
2025-10-06 12:11:42,373 - INFO - Analyzing: https://cyberdefender.hk/investment_fraud
2025-10-06 12:11:47,884 - INFO - Progress: 213/250 - https://cyberdefender.hk/iot
2025-10-06 12:11:47,885 - INFO - Analyzing: https://cyberdefender.hk/iot
2025-10-06 12:11:53,269 - INFO - Progress: 214/250 - https://cyberdefender.hk/iot_attack
2025-10-06 12:11:53,270 - INFO - Analyzing: https://cyberdefender.hk/iot_attack
2025-10-06 12:11:59,082 - INFO - Progress: 215/250 - https://cyberdefender.hk/iphone-anti-virus
2025-10-06 12:11:59,082 - INFO - Analyzing: https://cyberdefender.hk/iphone-anti-virus
2025-10-06 12:12:05,114 - INFO - Progress: 216/250 - https://cyberdefender.hk/it-basics
2025-10-06 12:12:05,114 - INFO - Analyzing: https://cyberdefender.hk/it-basics
2025-10-06 12:12:11,467 - INFO - Progress: 217/250 - https://cyberdefender.hk/learning-resources
2025-10-06 12:12:11,468 - INFO - Analyzing: https://cyberdefender.hk/learning-resources
2025-10-06 12:12:18,949 - INFO - Progress: 218/250 - https://cyberdefender.hk/metaverse
2025-10-06 12:12:18,949 - INFO - Analyzing: https://cyberdefender.hk/metaverse
2025-10-06 12:12:24,974 - INFO - Progress: 219/250 - https://cyberdefender.hk/mitm
2025-10-06 12:12:24,975 - INFO - Analyzing: https://cyberdefender.hk/mitm
2025-10-06 12:12:30,587 - INFO - Progress: 220/250 - https://cyberdefender.hk/mobile-payment
2025-10-06 12:12:30,587 - INFO - Analyzing: https://cyberdefender.hk/mobile-payment
2025-10-06 12:12:35,800 - INFO - Progress: 221/250 - https://cyberdefender.hk/naked_chat
2025-10-06 12:12:35,800 - INFO - Analyzing: https://cyberdefender.hk/naked_chat
2025-10-06 12:12:41,336 - INFO - Progress: 222/250 - https://cyberdefender.hk/netiquette
2025-10-06 12:12:41,337 - INFO - Analyzing: https://cyberdefender.hk/netiquette
2025-10-06 12:12:46,905 - INFO - Progress: 223/250 - https://cyberdefender.hk/non-fungible-token
2025-10-06 12:12:46,905 - INFO - Analyzing: https://cyberdefender.hk/non-fungible-token
2025-10-06 12:12:52,726 - INFO - Progress: 224/250 - https://cyberdefender.hk/online-account-hijacking
2025-10-06 12:12:52,726 - INFO - Analyzing: https://cyberdefender.hk/online-account-hijacking
2025-10-06 12:12:58,675 - INFO - Progress: 225/250 - https://cyberdefender.hk/online_employment_fraud
2025-10-06 12:12:58,675 - INFO - Analyzing: https://cyberdefender.hk/online_employment_fraud
2025-10-06 12:13:04,596 - INFO - Completed 225 URLs, 223 successful, 2 failed
2025-10-06 12:13:04,596 - INFO - Progress: 226/250 - https://cyberdefender.hk/online_shopping_fraud
2025-10-06 12:13:04,596 - INFO - Analyzing: https://cyberdefender.hk/online_shopping_fraud
2025-10-06 12:13:10,985 - INFO - Progress: 227/250 - https://cyberdefender.hk/parents-and-teachers
2025-10-06 12:13:10,985 - INFO - Analyzing: https://cyberdefender.hk/parents-and-teachers
2025-10-06 12:13:17,853 - INFO - Progress: 228/250 - https://cyberdefender.hk/password-strength-tool
2025-10-06 12:13:17,853 - INFO - Analyzing: https://cyberdefender.hk/password-strength-tool
2025-10-06 12:13:24,861 - INFO - Progress: 229/250 - https://cyberdefender.hk/phishing_attack
2025-10-06 12:13:24,861 - INFO - Analyzing: https://cyberdefender.hk/phishing_attack
2025-10-06 12:13:30,995 - INFO - Progress: 230/250 - https://cyberdefender.hk/privacy-policy
2025-10-06 12:13:30,996 - INFO - Analyzing: https://cyberdefender.hk/privacy-policy
2025-10-06 12:13:36,286 - INFO - Progress: 231/250 - https://cyberdefender.hk/privacy_setting
2025-10-06 12:13:36,286 - INFO - Analyzing: https://cyberdefender.hk/privacy_setting
2025-10-06 12:13:41,934 - INFO - Progress: 232/250 - https://cyberdefender.hk/protect_privacy
2025-10-06 12:13:41,934 - INFO - Analyzing: https://cyberdefender.hk/protect_privacy
2025-10-06 12:13:47,049 - INFO - Progress: 233/250 - https://cyberdefender.hk/public_wifi_safety
2025-10-06 12:13:47,049 - INFO - Analyzing: https://cyberdefender.hk/public_wifi_safety
2025-10-06 12:13:52,408 - INFO - Progress: 234/250 - https://cyberdefender.hk/ransomware
2025-10-06 12:13:52,408 - INFO - Analyzing: https://cyberdefender.hk/ransomware
2025-10-06 12:13:57,970 - INFO - Progress: 235/250 - https://cyberdefender.hk/recovery_phrase
2025-10-06 12:13:57,970 - INFO - Analyzing: https://cyberdefender.hk/recovery_phrase
2025-10-06 12:14:03,482 - INFO - Progress: 236/250 - https://cyberdefender.hk/romance_scam
2025-10-06 12:14:03,483 - INFO - Analyzing: https://cyberdefender.hk/romance_scam
2025-10-06 12:14:09,462 - INFO - Progress: 237/250 - https://cyberdefender.hk/scameter
2025-10-06 12:14:09,462 - INFO - Analyzing: https://cyberdefender.hk/scameter
2025-10-06 12:14:16,604 - INFO - Progress: 238/250 - https://cyberdefender.hk/scameterplus
2025-10-06 12:14:16,604 - INFO - Analyzing: https://cyberdefender.hk/scameterplus
2025-10-06 12:14:22,493 - INFO - Progress: 239/250 - https://cyberdefender.hk/secure-your-device
2025-10-06 12:14:22,494 - INFO - Analyzing: https://cyberdefender.hk/secure-your-device
2025-10-06 12:14:27,961 - INFO - Progress: 240/250 - https://cyberdefender.hk/security_tools
2025-10-06 12:14:27,962 - INFO - Analyzing: https://cyberdefender.hk/security_tools
2025-10-06 12:14:33,457 - INFO - Progress: 241/250 - https://cyberdefender.hk/social_media_security
2025-10-06 12:14:33,457 - INFO - Analyzing: https://cyberdefender.hk/social_media_security
2025-10-06 12:14:39,101 - INFO - Progress: 242/250 - https://cyberdefender.hk/statistics
2025-10-06 12:14:39,102 - INFO - Analyzing: https://cyberdefender.hk/statistics
2025-10-06 12:14:44,873 - INFO - Progress: 243/250 - https://cyberdefender.hk/story
2025-10-06 12:14:44,873 - INFO - Analyzing: https://cyberdefender.hk/story
2025-10-06 12:14:50,051 - INFO - Progress: 244/250 - https://cyberdefender.hk/suspicious-proxy-alert
2025-10-06 12:14:50,051 - INFO - Analyzing: https://cyberdefender.hk/suspicious-proxy-alert
2025-10-06 12:14:56,104 - INFO - Progress: 245/250 - https://cyberdefender.hk/theft_of_identity
2025-10-06 12:14:56,104 - INFO - Analyzing: https://cyberdefender.hk/theft_of_identity
2025-10-06 12:15:01,444 - INFO - Progress: 246/250 - https://cyberdefender.hk/useful_link
2025-10-06 12:15:01,444 - INFO - Analyzing: https://cyberdefender.hk/useful_link
2025-10-06 12:15:07,105 - INFO - Progress: 247/250 - https://cyberdefender.hk/victim_mentality
2025-10-06 12:15:07,105 - INFO - Analyzing: https://cyberdefender.hk/victim_mentality
2025-10-06 12:15:13,010 - INFO - Progress: 248/250 - https://cyberdefender.hk/video_leaflet
2025-10-06 12:15:13,010 - INFO - Analyzing: https://cyberdefender.hk/video_leaflet
2025-10-06 12:15:19,650 - INFO - Progress: 249/250 - https://cyberdefender.hk/voyeurism
2025-10-06 12:15:19,650 - INFO - Analyzing: https://cyberdefender.hk/voyeurism
2025-10-06 12:15:26,001 - INFO - Progress: 250/250 - https://cyberdefender.hk/whats-cookie
2025-10-06 12:15:26,002 - INFO - Analyzing: https://cyberdefender.hk/whats-cookie
2025-10-06 12:15:31,618 - INFO - Completed 250 URLs, 248 successful, 2 failed
2025-10-06 12:15:31,619 - INFO - Complete content analysis finished!
2025-10-06 12:15:31,620 - INFO - Total URLs processed: 250
2025-10-06 12:15:31,620 - INFO - Successful: 248
2025-10-06 12:15:31,620 - INFO - Failed: 2
2025-10-06 12:15:31,620 - INFO - Complete enhanced sitemap saved to: C:\Users\simonwang\Documents\Vault4sync\01-Courses\GCAP3056\Anti-Scamming\cytberdefender\complete_enhanced_sitemap.csv
