2025-10-06 10:45:27,801 - INFO - Starting content analysis...
2025-10-06 10:45:27,802 - INFO - Analyzing 250 URLs...
2025-10-06 10:45:27,802 - INFO - Progress: 1/250 - https://cyberdefender.hk
2025-10-06 10:45:27,802 - INFO - Analyzing: https://cyberdefender.hk
2025-10-06 10:45:31,574 - INFO - Progress: 2/250 - https://cyberdefender.hk/852_sms
2025-10-06 10:45:31,574 - INFO - Analyzing: https://cyberdefender.hk/852_sms
2025-10-06 10:45:36,868 - INFO - Progress: 3/250 - https://cyberdefender.hk/APT_attack
2025-10-06 10:45:36,868 - INFO - Analyzing: https://cyberdefender.hk/APT_attack
2025-10-06 10:45:42,074 - INFO - Progress: 4/250 - https://cyberdefender.hk/about-us
2025-10-06 10:45:42,074 - INFO - Analyzing: https://cyberdefender.hk/about-us
2025-10-06 10:45:47,448 - INFO - Progress: 5/250 - https://cyberdefender.hk/abusive_online_content
2025-10-06 10:45:47,448 - INFO - Analyzing: https://cyberdefender.hk/abusive_online_content
2025-10-06 10:45:52,735 - INFO - Progress: 6/250 - https://cyberdefender.hk/activity
2025-10-06 10:45:52,735 - INFO - Analyzing: https://cyberdefender.hk/activity
2025-10-06 10:45:57,927 - INFO - Progress: 7/250 - https://cyberdefender.hk/artificial-intelligence
2025-10-06 10:45:57,928 - INFO - Analyzing: https://cyberdefender.hk/artificial-intelligence
2025-10-06 10:46:03,875 - INFO - Progress: 8/250 - https://cyberdefender.hk/biometrics
2025-10-06 10:46:03,876 - INFO - Analyzing: https://cyberdefender.hk/biometrics
2025-10-06 10:46:09,934 - INFO - Progress: 9/250 - https://cyberdefender.hk/cdn-cgi/l/email-protection
2025-10-06 10:46:09,934 - INFO - Analyzing: https://cyberdefender.hk/cdn-cgi/l/email-protection
2025-10-06 10:46:10,263 - ERROR - Failed to analyze https://cyberdefender.hk/cdn-cgi/l/email-protection: 404 Client Error: Not Found for url: https://cyberdefender.hk/cdn-cgi/l/email-protection
2025-10-06 10:46:11,264 - INFO - Progress: 10/250 - https://cyberdefender.hk/challenge2025
2025-10-06 10:46:11,265 - INFO - Analyzing: https://cyberdefender.hk/challenge2025
2025-10-06 10:46:17,936 - INFO - Completed 10 URLs, continuing...
2025-10-06 10:46:17,936 - INFO - Progress: 11/250 - https://cyberdefender.hk/child-protection
2025-10-06 10:46:17,936 - INFO - Analyzing: https://cyberdefender.hk/child-protection
2025-10-06 10:46:23,551 - INFO - Progress: 12/250 - https://cyberdefender.hk/child_grooming
2025-10-06 10:46:23,551 - INFO - Analyzing: https://cyberdefender.hk/child_grooming
2025-10-06 10:46:29,100 - INFO - Progress: 13/250 - https://cyberdefender.hk/child_porn
2025-10-06 10:46:29,101 - INFO - Analyzing: https://cyberdefender.hk/child_porn
2025-10-06 10:46:34,402 - INFO - Progress: 14/250 - https://cyberdefender.hk/cloudcomputing
2025-10-06 10:46:34,402 - INFO - Analyzing: https://cyberdefender.hk/cloudcomputing
2025-10-06 10:46:40,138 - INFO - Progress: 15/250 - https://cyberdefender.hk/compensated_dating
2025-10-06 10:46:40,138 - INFO - Analyzing: https://cyberdefender.hk/compensated_dating
2025-10-06 10:46:45,933 - INFO - Progress: 16/250 - https://cyberdefender.hk/creditcard_misuse
2025-10-06 10:46:45,933 - INFO - Analyzing: https://cyberdefender.hk/creditcard_misuse
2025-10-06 10:46:51,227 - INFO - Progress: 17/250 - https://cyberdefender.hk/cryptocurrency
2025-10-06 10:46:51,228 - INFO - Analyzing: https://cyberdefender.hk/cryptocurrency
2025-10-06 10:46:56,856 - INFO - Progress: 18/250 - https://cyberdefender.hk/cspa2025
2025-10-06 10:46:56,857 - INFO - Analyzing: https://cyberdefender.hk/cspa2025
2025-10-06 10:47:02,185 - INFO - Progress: 19/250 - https://cyberdefender.hk/cyber-hygiene
2025-10-06 10:47:02,185 - INFO - Analyzing: https://cyberdefender.hk/cyber-hygiene
2025-10-06 10:47:24,820 - INFO - Progress: 20/250 - https://cyberdefender.hk/cyberbullying
2025-10-06 10:47:24,820 - INFO - Analyzing: https://cyberdefender.hk/cyberbullying
2025-10-06 10:47:30,173 - INFO - Completed 20 URLs, continuing...
2025-10-06 10:47:30,173 - INFO - Progress: 21/250 - https://cyberdefender.hk/cybercrime
2025-10-06 10:47:30,173 - INFO - Analyzing: https://cyberdefender.hk/cybercrime
2025-10-06 10:47:35,532 - INFO - Progress: 22/250 - https://cyberdefender.hk/cyberdefender_quest
2025-10-06 10:47:35,532 - INFO - Analyzing: https://cyberdefender.hk/cyberdefender_quest
2025-10-06 10:47:40,836 - INFO - Progress: 23/250 - https://cyberdefender.hk/cybersex
2025-10-06 10:47:40,836 - INFO - Analyzing: https://cyberdefender.hk/cybersex
2025-10-06 10:47:46,113 - INFO - Progress: 24/250 - https://cyberdefender.hk/darkweb
2025-10-06 10:47:46,113 - INFO - Analyzing: https://cyberdefender.hk/darkweb
2025-10-06 10:47:51,689 - INFO - Progress: 25/250 - https://cyberdefender.hk/ddos
2025-10-06 10:47:51,689 - INFO - Analyzing: https://cyberdefender.hk/ddos
2025-10-06 10:47:57,345 - INFO - Progress: 26/250 - https://cyberdefender.hk/deep-fake
2025-10-06 10:47:57,345 - INFO - Analyzing: https://cyberdefender.hk/deep-fake
2025-10-06 10:48:02,867 - INFO - Progress: 27/250 - https://cyberdefender.hk/digital_literacy
2025-10-06 10:48:02,867 - INFO - Analyzing: https://cyberdefender.hk/digital_literacy
2025-10-06 10:48:08,424 - INFO - Progress: 28/250 - https://cyberdefender.hk/disclaimer
2025-10-06 10:48:08,424 - INFO - Analyzing: https://cyberdefender.hk/disclaimer
2025-10-06 10:48:13,755 - INFO - Progress: 29/250 - https://cyberdefender.hk/dispose-old-mobile-phone-safely
2025-10-06 10:48:13,755 - INFO - Analyzing: https://cyberdefender.hk/dispose-old-mobile-phone-safely
2025-10-06 10:48:20,364 - INFO - Progress: 30/250 - https://cyberdefender.hk/doxxing
2025-10-06 10:48:20,364 - INFO - Analyzing: https://cyberdefender.hk/doxxing
2025-10-06 10:48:25,788 - INFO - Completed 30 URLs, continuing...
2025-10-06 10:48:25,788 - INFO - Progress: 31/250 - https://cyberdefender.hk/e-hkd
2025-10-06 10:48:25,788 - INFO - Analyzing: https://cyberdefender.hk/e-hkd
2025-10-06 10:48:31,598 - INFO - Progress: 32/250 - https://cyberdefender.hk/email_scam
2025-10-06 10:48:31,598 - INFO - Analyzing: https://cyberdefender.hk/email_scam
2025-10-06 10:48:37,150 - INFO - Progress: 33/250 - https://cyberdefender.hk/en-us
2025-10-06 10:48:37,151 - INFO - Analyzing: https://cyberdefender.hk/en-us
2025-10-06 10:48:45,739 - INFO - Progress: 34/250 - https://cyberdefender.hk/en-us/852_sms
2025-10-06 10:48:45,739 - INFO - Analyzing: https://cyberdefender.hk/en-us/852_sms
2025-10-06 10:48:52,216 - INFO - Progress: 35/250 - https://cyberdefender.hk/en-us/852_sms?rest_route=%2Fprivate_membership%2Flogout
2025-10-06 10:48:52,216 - INFO - Analyzing: https://cyberdefender.hk/en-us/852_sms?rest_route=%2Fprivate_membership%2Flogout
2025-10-06 10:48:57,731 - INFO - Progress: 36/250 - https://cyberdefender.hk/en-us/?member_dashboard=1
2025-10-06 10:48:57,732 - INFO - Analyzing: https://cyberdefender.hk/en-us/?member_dashboard=1
2025-10-06 10:49:02,862 - INFO - Progress: 37/250 - https://cyberdefender.hk/en-us/?rest_route=%2Fprivate_membership%2Flogout
2025-10-06 10:49:02,863 - INFO - Analyzing: https://cyberdefender.hk/en-us/?rest_route=%2Fprivate_membership%2Flogout
2025-10-06 10:49:08,699 - INFO - Progress: 38/250 - https://cyberdefender.hk/en-us/APT_attack
2025-10-06 10:49:08,699 - INFO - Analyzing: https://cyberdefender.hk/en-us/APT_attack
2025-10-06 10:49:14,549 - INFO - Progress: 39/250 - https://cyberdefender.hk/en-us/APT_attack?rest_route=%2Fprivate_membership%2Flogout
2025-10-06 10:49:14,549 - INFO - Analyzing: https://cyberdefender.hk/en-us/APT_attack?rest_route=%2Fprivate_membership%2Flogout
2025-10-06 10:49:20,636 - INFO - Progress: 40/250 - https://cyberdefender.hk/en-us/a-strong-password-is-an-important-part
2025-10-06 10:49:20,636 - INFO - Analyzing: https://cyberdefender.hk/en-us/a-strong-password-is-an-important-part
2025-10-06 10:49:25,704 - INFO - Completed 40 URLs, continuing...
2025-10-06 10:49:25,705 - INFO - Progress: 41/250 - https://cyberdefender.hk/en-us/about-us
2025-10-06 10:49:25,705 - INFO - Analyzing: https://cyberdefender.hk/en-us/about-us
2025-10-06 10:49:33,134 - INFO - Progress: 42/250 - https://cyberdefender.hk/en-us/about-us?rest_route=%2Fprivate_membership%2Flogout
2025-10-06 10:49:33,134 - INFO - Analyzing: https://cyberdefender.hk/en-us/about-us?rest_route=%2Fprivate_membership%2Flogout
2025-10-06 10:49:38,668 - INFO - Progress: 43/250 - https://cyberdefender.hk/en-us/abusive_online_content
2025-10-06 10:49:38,668 - INFO - Analyzing: https://cyberdefender.hk/en-us/abusive_online_content
2025-10-06 10:49:44,074 - INFO - Progress: 44/250 - https://cyberdefender.hk/en-us/abusive_online_content?rest_route=%2Fprivate_membership%2Flogout
2025-10-06 10:49:44,074 - INFO - Analyzing: https://cyberdefender.hk/en-us/abusive_online_content?rest_route=%2Fprivate_membership%2Flogout
2025-10-06 10:49:49,480 - INFO - Progress: 45/250 - https://cyberdefender.hk/en-us/activity
2025-10-06 10:49:49,482 - INFO - Analyzing: https://cyberdefender.hk/en-us/activity
2025-10-06 10:49:54,672 - INFO - Progress: 46/250 - https://cyberdefender.hk/en-us/activity?rest_route=%2Fprivate_membership%2Flogout
2025-10-06 10:49:54,672 - INFO - Analyzing: https://cyberdefender.hk/en-us/activity?rest_route=%2Fprivate_membership%2Flogout
2025-10-06 10:50:00,137 - INFO - Progress: 47/250 - https://cyberdefender.hk/en-us/anti-fraud-tips-for-online-shopping
2025-10-06 10:50:00,137 - INFO - Analyzing: https://cyberdefender.hk/en-us/anti-fraud-tips-for-online-shopping
2025-10-06 10:50:05,271 - INFO - Progress: 48/250 - https://cyberdefender.hk/en-us/apt_attack
2025-10-06 10:50:05,271 - INFO - Analyzing: https://cyberdefender.hk/en-us/apt_attack
2025-10-06 10:50:11,068 - INFO - Progress: 49/250 - https://cyberdefender.hk/en-us/artificial-intelligence
2025-10-06 10:50:11,068 - INFO - Analyzing: https://cyberdefender.hk/en-us/artificial-intelligence
2025-10-06 10:50:17,954 - INFO - Progress: 50/250 - https://cyberdefender.hk/en-us/artificial-intelligence?rest_route=%2Fprivate_membership%2Flogout
2025-10-06 10:50:17,954 - INFO - Analyzing: https://cyberdefender.hk/en-us/artificial-intelligence?rest_route=%2Fprivate_membership%2Flogout
2025-10-06 10:50:23,471 - INFO - Completed 50 URLs, continuing...
2025-10-06 10:50:23,471 - INFO - Progress: 51/250 - https://cyberdefender.hk/en-us/biometrics
2025-10-06 10:50:23,471 - INFO - Analyzing: https://cyberdefender.hk/en-us/biometrics
2025-10-06 10:50:28,842 - INFO - Progress: 52/250 - https://cyberdefender.hk/en-us/biometrics?rest_route=%2Fprivate_membership%2Flogout
2025-10-06 10:50:28,842 - INFO - Analyzing: https://cyberdefender.hk/en-us/biometrics?rest_route=%2Fprivate_membership%2Flogout
2025-10-06 10:50:34,540 - INFO - Progress: 53/250 - https://cyberdefender.hk/en-us/bughunting_campaign_2025
2025-10-06 10:50:34,540 - INFO - Analyzing: https://cyberdefender.hk/en-us/bughunting_campaign_2025
2025-10-06 10:50:39,812 - INFO - Progress: 54/250 - https://cyberdefender.hk/en-us/bughunting_campaign_2025?rest_route=%2Fprivate_membership%2Flogout
2025-10-06 10:50:39,812 - INFO - Analyzing: https://cyberdefender.hk/en-us/bughunting_campaign_2025?rest_route=%2Fprivate_membership%2Flogout
2025-10-06 10:50:45,406 - INFO - Progress: 55/250 - https://cyberdefender.hk/en-us/challenge2024
2025-10-06 10:50:45,407 - INFO - Analyzing: https://cyberdefender.hk/en-us/challenge2024
2025-10-06 10:50:50,537 - INFO - Progress: 56/250 - https://cyberdefender.hk/en-us/child-protection
2025-10-06 10:50:50,537 - INFO - Analyzing: https://cyberdefender.hk/en-us/child-protection
2025-10-06 10:50:56,156 - INFO - Progress: 57/250 - https://cyberdefender.hk/en-us/child-protection?rest_route=%2Fprivate_membership%2Flogout
2025-10-06 10:50:56,156 - INFO - Analyzing: https://cyberdefender.hk/en-us/child-protection?rest_route=%2Fprivate_membership%2Flogout
2025-10-06 10:51:02,257 - INFO - Progress: 58/250 - https://cyberdefender.hk/en-us/child_grooming
2025-10-06 10:51:02,257 - INFO - Analyzing: https://cyberdefender.hk/en-us/child_grooming
2025-10-06 10:51:08,175 - INFO - Progress: 59/250 - https://cyberdefender.hk/en-us/child_grooming?rest_route=%2Fprivate_membership%2Flogout
2025-10-06 10:51:08,175 - INFO - Analyzing: https://cyberdefender.hk/en-us/child_grooming?rest_route=%2Fprivate_membership%2Flogout
2025-10-06 10:51:14,320 - INFO - Progress: 60/250 - https://cyberdefender.hk/en-us/child_porn
2025-10-06 10:51:14,320 - INFO - Analyzing: https://cyberdefender.hk/en-us/child_porn
2025-10-06 10:51:19,798 - INFO - Completed 60 URLs, continuing...
2025-10-06 10:51:19,799 - INFO - Progress: 61/250 - https://cyberdefender.hk/en-us/child_porn?rest_route=%2Fprivate_membership%2Flogout
2025-10-06 10:51:19,799 - INFO - Analyzing: https://cyberdefender.hk/en-us/child_porn?rest_route=%2Fprivate_membership%2Flogout
2025-10-06 10:51:25,515 - INFO - Progress: 62/250 - https://cyberdefender.hk/en-us/cloudcomputing
2025-10-06 10:51:25,516 - INFO - Analyzing: https://cyberdefender.hk/en-us/cloudcomputing
2025-10-06 10:51:30,812 - INFO - Progress: 63/250 - https://cyberdefender.hk/en-us/cloudcomputing?rest_route=%2Fprivate_membership%2Flogout
2025-10-06 10:51:30,813 - INFO - Analyzing: https://cyberdefender.hk/en-us/cloudcomputing?rest_route=%2Fprivate_membership%2Flogout
2025-10-06 10:51:36,387 - INFO - Progress: 64/250 - https://cyberdefender.hk/en-us/compensated_dating
2025-10-06 10:51:36,387 - INFO - Analyzing: https://cyberdefender.hk/en-us/compensated_dating
2025-10-06 10:51:41,774 - INFO - Progress: 65/250 - https://cyberdefender.hk/en-us/compensated_dating?rest_route=%2Fprivate_membership%2Flogout
2025-10-06 10:51:41,774 - INFO - Analyzing: https://cyberdefender.hk/en-us/compensated_dating?rest_route=%2Fprivate_membership%2Flogout
2025-10-06 10:51:47,459 - INFO - Progress: 66/250 - https://cyberdefender.hk/en-us/creditcard_misuse
2025-10-06 10:51:47,460 - INFO - Analyzing: https://cyberdefender.hk/en-us/creditcard_misuse
2025-10-06 10:51:52,763 - INFO - Progress: 67/250 - https://cyberdefender.hk/en-us/creditcard_misuse?rest_route=%2Fprivate_membership%2Flogout
2025-10-06 10:51:52,763 - INFO - Analyzing: https://cyberdefender.hk/en-us/creditcard_misuse?rest_route=%2Fprivate_membership%2Flogout
2025-10-06 10:51:58,243 - INFO - Progress: 68/250 - https://cyberdefender.hk/en-us/cryptocurrency
2025-10-06 10:51:58,243 - INFO - Analyzing: https://cyberdefender.hk/en-us/cryptocurrency
2025-10-06 10:52:04,193 - INFO - Progress: 69/250 - https://cyberdefender.hk/en-us/cryptocurrency?rest_route=%2Fprivate_membership%2Flogout
2025-10-06 10:52:04,194 - INFO - Analyzing: https://cyberdefender.hk/en-us/cryptocurrency?rest_route=%2Fprivate_membership%2Flogout
2025-10-06 10:52:10,170 - INFO - Progress: 70/250 - https://cyberdefender.hk/en-us/csatf
2025-10-06 10:52:10,171 - INFO - Analyzing: https://cyberdefender.hk/en-us/csatf
2025-10-06 10:52:12,505 - ERROR - Failed to analyze https://cyberdefender.hk/en-us/csatf: 404 Client Error: Not Found for url: https://cyberdefender.hk/en-us/csatf
2025-10-06 10:52:13,507 - INFO - Completed 70 URLs, continuing...
2025-10-06 10:52:13,507 - INFO - Progress: 71/250 - https://cyberdefender.hk/en-us/cspa2025
2025-10-06 10:52:13,507 - INFO - Analyzing: https://cyberdefender.hk/en-us/cspa2025
2025-10-06 10:52:19,543 - INFO - Progress: 72/250 - https://cyberdefender.hk/en-us/cspa2025?rest_route=%2Fprivate_membership%2Flogout
2025-10-06 10:52:19,543 - INFO - Analyzing: https://cyberdefender.hk/en-us/cspa2025?rest_route=%2Fprivate_membership%2Flogout
2025-10-06 10:52:25,213 - INFO - Progress: 73/250 - https://cyberdefender.hk/en-us/cyber-hygiene
2025-10-06 10:52:25,213 - INFO - Analyzing: https://cyberdefender.hk/en-us/cyber-hygiene
2025-10-06 10:52:42,749 - INFO - Progress: 74/250 - https://cyberdefender.hk/en-us/cyber-hygiene?rest_route=%2Fprivate_membership%2Flogout
2025-10-06 10:52:42,749 - INFO - Analyzing: https://cyberdefender.hk/en-us/cyber-hygiene?rest_route=%2Fprivate_membership%2Flogout
2025-10-06 10:52:48,553 - INFO - Progress: 75/250 - https://cyberdefender.hk/en-us/cyberbullying
2025-10-06 10:52:48,553 - INFO - Analyzing: https://cyberdefender.hk/en-us/cyberbullying
2025-10-06 10:52:53,897 - INFO - Progress: 76/250 - https://cyberdefender.hk/en-us/cyberbullying?rest_route=%2Fprivate_membership%2Flogout
2025-10-06 10:52:53,898 - INFO - Analyzing: https://cyberdefender.hk/en-us/cyberbullying?rest_route=%2Fprivate_membership%2Flogout
2025-10-06 10:52:59,326 - INFO - Progress: 77/250 - https://cyberdefender.hk/en-us/cybercrime
2025-10-06 10:52:59,326 - INFO - Analyzing: https://cyberdefender.hk/en-us/cybercrime
2025-10-06 10:53:04,738 - INFO - Progress: 78/250 - https://cyberdefender.hk/en-us/cybercrime?rest_route=%2Fprivate_membership%2Flogout
2025-10-06 10:53:04,738 - INFO - Analyzing: https://cyberdefender.hk/en-us/cybercrime?rest_route=%2Fprivate_membership%2Flogout
2025-10-06 10:53:10,655 - INFO - Progress: 79/250 - https://cyberdefender.hk/en-us/cybersex
2025-10-06 10:53:10,655 - INFO - Analyzing: https://cyberdefender.hk/en-us/cybersex
2025-10-06 10:53:16,933 - INFO - Progress: 80/250 - https://cyberdefender.hk/en-us/cybersex?rest_route=%2Fprivate_membership%2Flogout
2025-10-06 10:53:16,933 - INFO - Analyzing: https://cyberdefender.hk/en-us/cybersex?rest_route=%2Fprivate_membership%2Flogout
2025-10-06 10:53:22,538 - INFO - Completed 80 URLs, continuing...
2025-10-06 10:53:22,538 - INFO - Progress: 81/250 - https://cyberdefender.hk/en-us/darkweb
2025-10-06 10:53:22,538 - INFO - Analyzing: https://cyberdefender.hk/en-us/darkweb
2025-10-06 10:53:27,658 - INFO - Progress: 82/250 - https://cyberdefender.hk/en-us/darkweb?rest_route=%2Fprivate_membership%2Flogout
2025-10-06 10:53:27,659 - INFO - Analyzing: https://cyberdefender.hk/en-us/darkweb?rest_route=%2Fprivate_membership%2Flogout
2025-10-06 10:53:32,975 - INFO - Progress: 83/250 - https://cyberdefender.hk/en-us/ddos
2025-10-06 10:53:32,975 - INFO - Analyzing: https://cyberdefender.hk/en-us/ddos
2025-10-06 10:53:37,994 - INFO - Progress: 84/250 - https://cyberdefender.hk/en-us/ddos?rest_route=%2Fprivate_membership%2Flogout
2025-10-06 10:53:37,994 - INFO - Analyzing: https://cyberdefender.hk/en-us/ddos?rest_route=%2Fprivate_membership%2Flogout
2025-10-06 10:53:43,398 - INFO - Progress: 85/250 - https://cyberdefender.hk/en-us/deep-fake
2025-10-06 10:53:43,398 - INFO - Analyzing: https://cyberdefender.hk/en-us/deep-fake
2025-10-06 10:53:48,547 - INFO - Progress: 86/250 - https://cyberdefender.hk/en-us/deep-fake?rest_route=%2Fprivate_membership%2Flogout
2025-10-06 10:53:48,547 - INFO - Analyzing: https://cyberdefender.hk/en-us/deep-fake?rest_route=%2Fprivate_membership%2Flogout
2025-10-06 10:53:53,862 - INFO - Progress: 87/250 - https://cyberdefender.hk/en-us/digital_literacy
2025-10-06 10:53:53,863 - INFO - Analyzing: https://cyberdefender.hk/en-us/digital_literacy
2025-10-06 10:53:59,081 - INFO - Progress: 88/250 - https://cyberdefender.hk/en-us/digital_literacy?rest_route=%2Fprivate_membership%2Flogout
2025-10-06 10:53:59,082 - INFO - Analyzing: https://cyberdefender.hk/en-us/digital_literacy?rest_route=%2Fprivate_membership%2Flogout
2025-10-06 10:54:04,692 - INFO - Progress: 89/250 - https://cyberdefender.hk/en-us/disclaimer
2025-10-06 10:54:04,693 - INFO - Analyzing: https://cyberdefender.hk/en-us/disclaimer
2025-10-06 10:54:10,232 - INFO - Progress: 90/250 - https://cyberdefender.hk/en-us/disclaimer?rest_route=%2Fprivate_membership%2Flogout
2025-10-06 10:54:10,233 - INFO - Analyzing: https://cyberdefender.hk/en-us/disclaimer?rest_route=%2Fprivate_membership%2Flogout
2025-10-06 10:54:17,233 - INFO - Completed 90 URLs, continuing...
2025-10-06 10:54:17,234 - INFO - Progress: 91/250 - https://cyberdefender.hk/en-us/dispose-old-mobile-phone-safely
2025-10-06 10:54:17,234 - INFO - Analyzing: https://cyberdefender.hk/en-us/dispose-old-mobile-phone-safely
2025-10-06 10:54:22,500 - INFO - Progress: 92/250 - https://cyberdefender.hk/en-us/dispose-old-mobile-phone-safely?rest_route=%2Fprivate_membership%2Flogout
2025-10-06 10:54:22,500 - INFO - Analyzing: https://cyberdefender.hk/en-us/dispose-old-mobile-phone-safely?rest_route=%2Fprivate_membership%2Flogout
2025-10-06 10:54:28,840 - INFO - Progress: 93/250 - https://cyberdefender.hk/en-us/doxxing
2025-10-06 10:54:28,840 - INFO - Analyzing: https://cyberdefender.hk/en-us/doxxing
2025-10-06 10:54:34,042 - INFO - Progress: 94/250 - https://cyberdefender.hk/en-us/doxxing?rest_route=%2Fprivate_membership%2Flogout
2025-10-06 10:54:34,042 - INFO - Analyzing: https://cyberdefender.hk/en-us/doxxing?rest_route=%2Fprivate_membership%2Flogout
2025-10-06 10:54:39,694 - INFO - Progress: 95/250 - https://cyberdefender.hk/en-us/e-hkd
2025-10-06 10:54:39,694 - INFO - Analyzing: https://cyberdefender.hk/en-us/e-hkd
2025-10-06 10:54:44,759 - INFO - Progress: 96/250 - https://cyberdefender.hk/en-us/e-hkd?rest_route=%2Fprivate_membership%2Flogout
2025-10-06 10:54:44,760 - INFO - Analyzing: https://cyberdefender.hk/en-us/e-hkd?rest_route=%2Fprivate_membership%2Flogout
2025-10-06 10:54:50,473 - INFO - Progress: 97/250 - https://cyberdefender.hk/en-us/email_scam
2025-10-06 10:54:50,473 - INFO - Analyzing: https://cyberdefender.hk/en-us/email_scam
2025-10-06 10:54:56,005 - INFO - Progress: 98/250 - https://cyberdefender.hk/en-us/email_scam?rest_route=%2Fprivate_membership%2Flogout
2025-10-06 10:54:56,005 - INFO - Analyzing: https://cyberdefender.hk/en-us/email_scam?rest_route=%2Fprivate_membership%2Flogout
2025-10-06 10:55:01,570 - INFO - Progress: 99/250 - https://cyberdefender.hk/en-us/ethical-phishing-email-campaign
2025-10-06 10:55:01,571 - INFO - Analyzing: https://cyberdefender.hk/en-us/ethical-phishing-email-campaign
2025-10-06 10:55:08,907 - INFO - Progress: 100/250 - https://cyberdefender.hk/en-us/events_and_resources
2025-10-06 10:55:08,907 - INFO - Analyzing: https://cyberdefender.hk/en-us/events_and_resources
2025-10-06 10:55:19,507 - INFO - Completed 100 URLs, continuing...
2025-10-06 10:55:19,507 - INFO - Progress: 101/250 - https://cyberdefender.hk/en-us/events_and_resources?rest_route=%2Fprivate_membership%2Flogout
2025-10-06 10:55:19,507 - INFO - Analyzing: https://cyberdefender.hk/en-us/events_and_resources?rest_route=%2Fprivate_membership%2Flogout
2025-10-06 10:55:25,437 - INFO - Progress: 102/250 - https://cyberdefender.hk/en-us/fakenews
2025-10-06 10:55:25,437 - INFO - Analyzing: https://cyberdefender.hk/en-us/fakenews
2025-10-06 10:55:30,761 - INFO - Progress: 103/250 - https://cyberdefender.hk/en-us/fakenews?rest_route=%2Fprivate_membership%2Flogout
2025-10-06 10:55:30,761 - INFO - Analyzing: https://cyberdefender.hk/en-us/fakenews?rest_route=%2Fprivate_membership%2Flogout
2025-10-06 10:55:36,149 - INFO - Progress: 104/250 - https://cyberdefender.hk/en-us/firewall_setting
2025-10-06 10:55:36,150 - INFO - Analyzing: https://cyberdefender.hk/en-us/firewall_setting
2025-10-06 10:55:41,410 - INFO - Progress: 105/250 - https://cyberdefender.hk/en-us/firewall_setting?rest_route=%2Fprivate_membership%2Flogout
2025-10-06 10:55:41,410 - INFO - Analyzing: https://cyberdefender.hk/en-us/firewall_setting?rest_route=%2Fprivate_membership%2Flogout
2025-10-06 10:55:46,924 - INFO - Progress: 106/250 - https://cyberdefender.hk/en-us/guideline_for_teens
2025-10-06 10:55:46,925 - INFO - Analyzing: https://cyberdefender.hk/en-us/guideline_for_teens
2025-10-06 10:55:52,038 - INFO - Progress: 107/250 - https://cyberdefender.hk/en-us/guideline_for_teens?rest_route=%2Fprivate_membership%2Flogout
2025-10-06 10:55:52,038 - INFO - Analyzing: https://cyberdefender.hk/en-us/guideline_for_teens?rest_route=%2Fprivate_membership%2Flogout
2025-10-06 10:55:58,133 - INFO - Progress: 108/250 - https://cyberdefender.hk/en-us/how-to-spot-cyberbullying
2025-10-06 10:55:58,134 - INFO - Analyzing: https://cyberdefender.hk/en-us/how-to-spot-cyberbullying
2025-10-06 10:56:03,403 - INFO - Progress: 109/250 - https://cyberdefender.hk/en-us/how-to-spot-fakenews-and-make-sure-youre-not-spreading-false-information
2025-10-06 10:56:03,404 - INFO - Analyzing: https://cyberdefender.hk/en-us/how-to-spot-fakenews-and-make-sure-youre-not-spreading-false-information
2025-10-06 10:56:09,467 - INFO - Progress: 110/250 - https://cyberdefender.hk/en-us/http-404
2025-10-06 10:56:09,467 - INFO - Analyzing: https://cyberdefender.hk/en-us/http-404
2025-10-06 10:56:15,111 - INFO - Completed 110 URLs, continuing...
2025-10-06 10:56:15,112 - INFO - Progress: 111/250 - https://cyberdefender.hk/en-us/http-404?rest_route=%2Fprivate_membership%2Flogout
2025-10-06 10:56:15,112 - INFO - Analyzing: https://cyberdefender.hk/en-us/http-404?rest_route=%2Fprivate_membership%2Flogout
2025-10-06 10:56:20,842 - INFO - Progress: 112/250 - https://cyberdefender.hk/en-us/investment_fraud
2025-10-06 10:56:20,842 - INFO - Analyzing: https://cyberdefender.hk/en-us/investment_fraud
2025-10-06 10:56:26,561 - INFO - Progress: 113/250 - https://cyberdefender.hk/en-us/investment_fraud?rest_route=%2Fprivate_membership%2Flogout
2025-10-06 10:56:26,561 - INFO - Analyzing: https://cyberdefender.hk/en-us/investment_fraud?rest_route=%2Fprivate_membership%2Flogout
2025-10-06 10:56:32,424 - INFO - Progress: 114/250 - https://cyberdefender.hk/en-us/iot
2025-10-06 10:56:32,425 - INFO - Analyzing: https://cyberdefender.hk/en-us/iot
2025-10-06 10:56:37,917 - INFO - Progress: 115/250 - https://cyberdefender.hk/en-us/iot?rest_route=%2Fprivate_membership%2Flogout
2025-10-06 10:56:37,917 - INFO - Analyzing: https://cyberdefender.hk/en-us/iot?rest_route=%2Fprivate_membership%2Flogout
2025-10-06 10:56:43,294 - INFO - Progress: 116/250 - https://cyberdefender.hk/en-us/iot_attack
2025-10-06 10:56:43,294 - INFO - Analyzing: https://cyberdefender.hk/en-us/iot_attack
2025-10-06 10:56:48,376 - INFO - Progress: 117/250 - https://cyberdefender.hk/en-us/iot_attack?rest_route=%2Fprivate_membership%2Flogout
2025-10-06 10:56:48,376 - INFO - Analyzing: https://cyberdefender.hk/en-us/iot_attack?rest_route=%2Fprivate_membership%2Flogout
2025-10-06 10:56:58,558 - INFO - Progress: 118/250 - https://cyberdefender.hk/en-us/iphone-anti-virus
2025-10-06 10:56:58,558 - INFO - Analyzing: https://cyberdefender.hk/en-us/iphone-anti-virus
2025-10-06 10:57:04,129 - INFO - Progress: 119/250 - https://cyberdefender.hk/en-us/iphone-anti-virus?rest_route=%2Fprivate_membership%2Flogout
2025-10-06 10:57:04,129 - INFO - Analyzing: https://cyberdefender.hk/en-us/iphone-anti-virus?rest_route=%2Fprivate_membership%2Flogout
2025-10-06 10:57:10,284 - INFO - Progress: 120/250 - https://cyberdefender.hk/en-us/it-basics
2025-10-06 10:57:10,284 - INFO - Analyzing: https://cyberdefender.hk/en-us/it-basics
2025-10-06 10:57:15,975 - INFO - Completed 120 URLs, continuing...
2025-10-06 10:57:15,975 - INFO - Progress: 121/250 - https://cyberdefender.hk/en-us/it-basics?rest_route=%2Fprivate_membership%2Flogout
2025-10-06 10:57:15,975 - INFO - Analyzing: https://cyberdefender.hk/en-us/it-basics?rest_route=%2Fprivate_membership%2Flogout
2025-10-06 10:57:21,815 - INFO - Progress: 122/250 - https://cyberdefender.hk/en-us/keep-your-money-safe-from-scams-when-shopping-online
2025-10-06 10:57:21,815 - INFO - Analyzing: https://cyberdefender.hk/en-us/keep-your-money-safe-from-scams-when-shopping-online
2025-10-06 10:57:27,033 - INFO - Progress: 123/250 - https://cyberdefender.hk/en-us/know-more-about-the-control-of-obscene-and-indecent-articles-ordinance
2025-10-06 10:57:27,034 - INFO - Analyzing: https://cyberdefender.hk/en-us/know-more-about-the-control-of-obscene-and-indecent-articles-ordinance
2025-10-06 10:57:33,078 - INFO - Progress: 124/250 - https://cyberdefender.hk/en-us/learning-resources
2025-10-06 10:57:33,078 - INFO - Analyzing: https://cyberdefender.hk/en-us/learning-resources
2025-10-06 10:57:38,269 - INFO - Progress: 125/250 - https://cyberdefender.hk/en-us/learning-resources?rest_route=%2Fprivate_membership%2Flogout
2025-10-06 10:57:38,270 - INFO - Analyzing: https://cyberdefender.hk/en-us/learning-resources?rest_route=%2Fprivate_membership%2Flogout
2025-10-06 10:57:43,754 - INFO - Progress: 126/250 - https://cyberdefender.hk/en-us/make-sure-youre-being-safe-online
2025-10-06 10:57:43,754 - INFO - Analyzing: https://cyberdefender.hk/en-us/make-sure-youre-being-safe-online
2025-10-06 10:57:49,134 - INFO - Progress: 127/250 - https://cyberdefender.hk/en-us/member_login
2025-10-06 10:57:49,139 - INFO - Analyzing: https://cyberdefender.hk/en-us/member_login
2025-10-06 10:57:56,369 - INFO - Progress: 128/250 - https://cyberdefender.hk/en-us/member_login?rest_route=%2Fprivate_membership%2Flogout
2025-10-06 10:57:56,371 - INFO - Analyzing: https://cyberdefender.hk/en-us/member_login?rest_route=%2Fprivate_membership%2Flogout
2025-10-06 10:58:02,010 - INFO - Progress: 129/250 - https://cyberdefender.hk/en-us/metaverse
2025-10-06 10:58:02,011 - INFO - Analyzing: https://cyberdefender.hk/en-us/metaverse
2025-10-06 10:58:08,153 - INFO - Progress: 130/250 - https://cyberdefender.hk/en-us/metaverse?rest_route=%2Fprivate_membership%2Flogout
2025-10-06 10:58:08,154 - INFO - Analyzing: https://cyberdefender.hk/en-us/metaverse?rest_route=%2Fprivate_membership%2Flogout
2025-10-06 10:58:13,834 - INFO - Completed 130 URLs, continuing...
2025-10-06 10:58:13,835 - INFO - Progress: 131/250 - https://cyberdefender.hk/en-us/mitm
2025-10-06 10:58:13,835 - INFO - Analyzing: https://cyberdefender.hk/en-us/mitm
2025-10-06 10:58:20,030 - INFO - Progress: 132/250 - https://cyberdefender.hk/en-us/mitm?rest_route=%2Fprivate_membership%2Flogout
2025-10-06 10:58:20,030 - INFO - Analyzing: https://cyberdefender.hk/en-us/mitm?rest_route=%2Fprivate_membership%2Flogout
2025-10-06 10:58:25,546 - INFO - Progress: 133/250 - https://cyberdefender.hk/en-us/mobile-payment
2025-10-06 10:58:25,546 - INFO - Analyzing: https://cyberdefender.hk/en-us/mobile-payment
2025-10-06 10:58:30,940 - INFO - Progress: 134/250 - https://cyberdefender.hk/en-us/mobile-payment?rest_route=%2Fprivate_membership%2Flogout
2025-10-06 10:58:30,941 - INFO - Analyzing: https://cyberdefender.hk/en-us/mobile-payment?rest_route=%2Fprivate_membership%2Flogout
2025-10-06 10:58:36,541 - INFO - Progress: 135/250 - https://cyberdefender.hk/en-us/naked_chat
2025-10-06 10:58:36,542 - INFO - Analyzing: https://cyberdefender.hk/en-us/naked_chat
2025-10-06 10:58:41,831 - INFO - Progress: 136/250 - https://cyberdefender.hk/en-us/naked_chat?rest_route=%2Fprivate_membership%2Flogout
2025-10-06 10:58:41,832 - INFO - Analyzing: https://cyberdefender.hk/en-us/naked_chat?rest_route=%2Fprivate_membership%2Flogout
2025-10-06 10:58:47,197 - INFO - Progress: 137/250 - https://cyberdefender.hk/en-us/netiquette
2025-10-06 10:58:47,197 - INFO - Analyzing: https://cyberdefender.hk/en-us/netiquette
2025-10-06 10:58:52,539 - INFO - Progress: 138/250 - https://cyberdefender.hk/en-us/netiquette?rest_route=%2Fprivate_membership%2Flogout
2025-10-06 10:58:52,539 - INFO - Analyzing: https://cyberdefender.hk/en-us/netiquette?rest_route=%2Fprivate_membership%2Flogout
2025-10-06 10:58:58,209 - INFO - Progress: 139/250 - https://cyberdefender.hk/en-us/non-fungible-token
2025-10-06 10:58:58,209 - INFO - Analyzing: https://cyberdefender.hk/en-us/non-fungible-token
2025-10-06 10:59:03,603 - INFO - Progress: 140/250 - https://cyberdefender.hk/en-us/non-fungible-token?rest_route=%2Fprivate_membership%2Flogout
2025-10-06 10:59:03,604 - INFO - Analyzing: https://cyberdefender.hk/en-us/non-fungible-token?rest_route=%2Fprivate_membership%2Flogout
2025-10-06 10:59:09,661 - INFO - Completed 140 URLs, continuing...
2025-10-06 10:59:09,661 - INFO - Progress: 141/250 - https://cyberdefender.hk/en-us/online-account-hijacking
2025-10-06 10:59:09,661 - INFO - Analyzing: https://cyberdefender.hk/en-us/online-account-hijacking
2025-10-06 10:59:15,790 - INFO - Progress: 142/250 - https://cyberdefender.hk/en-us/online-account-hijacking?rest_route=%2Fprivate_membership%2Flogout
2025-10-06 10:59:15,791 - INFO - Analyzing: https://cyberdefender.hk/en-us/online-account-hijacking?rest_route=%2Fprivate_membership%2Flogout
2025-10-06 10:59:21,580 - INFO - Progress: 143/250 - https://cyberdefender.hk/en-us/online_employment_fraud
2025-10-06 10:59:21,580 - INFO - Analyzing: https://cyberdefender.hk/en-us/online_employment_fraud
2025-10-06 10:59:26,946 - INFO - Progress: 144/250 - https://cyberdefender.hk/en-us/online_employment_fraud?rest_route=%2Fprivate_membership%2Flogout
2025-10-06 10:59:26,947 - INFO - Analyzing: https://cyberdefender.hk/en-us/online_employment_fraud?rest_route=%2Fprivate_membership%2Flogout
2025-10-06 10:59:32,408 - INFO - Progress: 145/250 - https://cyberdefender.hk/en-us/online_shopping_fraud
2025-10-06 10:59:32,409 - INFO - Analyzing: https://cyberdefender.hk/en-us/online_shopping_fraud
2025-10-06 10:59:37,691 - INFO - Progress: 146/250 - https://cyberdefender.hk/en-us/online_shopping_fraud?rest_route=%2Fprivate_membership%2Flogout
2025-10-06 10:59:37,692 - INFO - Analyzing: https://cyberdefender.hk/en-us/online_shopping_fraud?rest_route=%2Fprivate_membership%2Flogout
2025-10-06 10:59:43,290 - INFO - Progress: 147/250 - https://cyberdefender.hk/en-us/page/15
2025-10-06 10:59:43,291 - INFO - Analyzing: https://cyberdefender.hk/en-us/page/15
2025-10-06 10:59:48,985 - INFO - Progress: 148/250 - https://cyberdefender.hk/en-us/page/16
2025-10-06 10:59:48,985 - INFO - Analyzing: https://cyberdefender.hk/en-us/page/16
2025-10-06 10:59:54,183 - INFO - Progress: 149/250 - https://cyberdefender.hk/en-us/page/17
2025-10-06 10:59:54,183 - INFO - Analyzing: https://cyberdefender.hk/en-us/page/17
2025-10-06 10:59:59,382 - INFO - Progress: 150/250 - https://cyberdefender.hk/en-us/page/17?rest_route=%2Fprivate_membership%2Flogout
2025-10-06 10:59:59,382 - INFO - Analyzing: https://cyberdefender.hk/en-us/page/17?rest_route=%2Fprivate_membership%2Flogout
2025-10-06 11:00:05,205 - INFO - Completed 150 URLs, continuing...
2025-10-06 11:00:05,205 - INFO - Progress: 151/250 - https://cyberdefender.hk/en-us/page/2
2025-10-06 11:00:05,206 - INFO - Analyzing: https://cyberdefender.hk/en-us/page/2
2025-10-06 11:00:11,371 - INFO - Progress: 152/250 - https://cyberdefender.hk/en-us/page/2?rest_route=%2Fprivate_membership%2Flogout
2025-10-06 11:00:11,371 - INFO - Analyzing: https://cyberdefender.hk/en-us/page/2?rest_route=%2Fprivate_membership%2Flogout
2025-10-06 11:00:18,355 - INFO - Progress: 153/250 - https://cyberdefender.hk/en-us/page/3
2025-10-06 11:00:18,355 - INFO - Analyzing: https://cyberdefender.hk/en-us/page/3
2025-10-06 11:00:24,264 - INFO - Progress: 154/250 - https://cyberdefender.hk/en-us/page/3?rest_route=%2Fprivate_membership%2Flogout
2025-10-06 11:00:24,264 - INFO - Analyzing: https://cyberdefender.hk/en-us/page/3?rest_route=%2Fprivate_membership%2Flogout
2025-10-06 11:00:29,781 - INFO - Progress: 155/250 - https://cyberdefender.hk/en-us/page/4
2025-10-06 11:00:29,781 - INFO - Analyzing: https://cyberdefender.hk/en-us/page/4
2025-10-06 11:00:34,976 - INFO - Progress: 156/250 - https://cyberdefender.hk/en-us/page/5
2025-10-06 11:00:34,976 - INFO - Analyzing: https://cyberdefender.hk/en-us/page/5
2025-10-06 11:00:41,114 - INFO - Progress: 157/250 - https://cyberdefender.hk/en-us/parents-and-teachers
2025-10-06 11:00:41,115 - INFO - Analyzing: https://cyberdefender.hk/en-us/parents-and-teachers
2025-10-06 11:00:46,482 - INFO - Progress: 158/250 - https://cyberdefender.hk/en-us/parents-and-teachers?rest_route=%2Fprivate_membership%2Flogout
2025-10-06 11:00:46,483 - INFO - Analyzing: https://cyberdefender.hk/en-us/parents-and-teachers?rest_route=%2Fprivate_membership%2Flogout
2025-10-06 11:00:52,182 - INFO - Progress: 159/250 - https://cyberdefender.hk/en-us/password-strength-tool
2025-10-06 11:00:52,182 - INFO - Analyzing: https://cyberdefender.hk/en-us/password-strength-tool
2025-10-06 11:00:58,372 - INFO - Progress: 160/250 - https://cyberdefender.hk/en-us/password-strength-tool?rest_route=%2Fprivate_membership%2Flogout
2025-10-06 11:00:58,373 - INFO - Analyzing: https://cyberdefender.hk/en-us/password-strength-tool?rest_route=%2Fprivate_membership%2Flogout
2025-10-06 11:01:05,266 - INFO - Completed 160 URLs, continuing...
2025-10-06 11:01:05,266 - INFO - Progress: 161/250 - https://cyberdefender.hk/en-us/phishing_attack
2025-10-06 11:01:05,267 - INFO - Analyzing: https://cyberdefender.hk/en-us/phishing_attack
2025-10-06 11:01:11,313 - INFO - Progress: 162/250 - https://cyberdefender.hk/en-us/phishing_attack?rest_route=%2Fprivate_membership%2Flogout
2025-10-06 11:01:11,313 - INFO - Analyzing: https://cyberdefender.hk/en-us/phishing_attack?rest_route=%2Fprivate_membership%2Flogout
2025-10-06 11:01:18,066 - INFO - Progress: 163/250 - https://cyberdefender.hk/en-us/privacy-policy
2025-10-06 11:01:18,066 - INFO - Analyzing: https://cyberdefender.hk/en-us/privacy-policy
2025-10-06 11:01:22,951 - INFO - Progress: 164/250 - https://cyberdefender.hk/en-us/privacy-policy?rest_route=%2Fprivate_membership%2Flogout
2025-10-06 11:01:22,951 - INFO - Analyzing: https://cyberdefender.hk/en-us/privacy-policy?rest_route=%2Fprivate_membership%2Flogout
2025-10-06 11:01:28,334 - INFO - Progress: 165/250 - https://cyberdefender.hk/en-us/privacy_setting
2025-10-06 11:01:28,335 - INFO - Analyzing: https://cyberdefender.hk/en-us/privacy_setting
2025-10-06 11:01:33,466 - INFO - Progress: 166/250 - https://cyberdefender.hk/en-us/privacy_setting?rest_route=%2Fprivate_membership%2Flogout
2025-10-06 11:01:33,466 - INFO - Analyzing: https://cyberdefender.hk/en-us/privacy_setting?rest_route=%2Fprivate_membership%2Flogout
2025-10-06 11:01:38,908 - INFO - Progress: 167/250 - https://cyberdefender.hk/en-us/protect-your-privacy-online
2025-10-06 11:01:38,908 - INFO - Analyzing: https://cyberdefender.hk/en-us/protect-your-privacy-online
2025-10-06 11:01:43,966 - INFO - Progress: 168/250 - https://cyberdefender.hk/en-us/protect_privacy
2025-10-06 11:01:43,967 - INFO - Analyzing: https://cyberdefender.hk/en-us/protect_privacy
2025-10-06 11:01:48,997 - INFO - Progress: 169/250 - https://cyberdefender.hk/en-us/protect_privacy?rest_route=%2Fprivate_membership%2Flogout
2025-10-06 11:01:48,997 - INFO - Analyzing: https://cyberdefender.hk/en-us/protect_privacy?rest_route=%2Fprivate_membership%2Flogout
2025-10-06 11:01:54,433 - INFO - Progress: 170/250 - https://cyberdefender.hk/en-us/public_wifi_safety
2025-10-06 11:01:54,433 - INFO - Analyzing: https://cyberdefender.hk/en-us/public_wifi_safety
2025-10-06 11:02:00,002 - INFO - Completed 170 URLs, continuing...
2025-10-06 11:02:00,002 - INFO - Progress: 171/250 - https://cyberdefender.hk/en-us/public_wifi_safety?rest_route=%2Fprivate_membership%2Flogout
2025-10-06 11:02:00,002 - INFO - Analyzing: https://cyberdefender.hk/en-us/public_wifi_safety?rest_route=%2Fprivate_membership%2Flogout
2025-10-06 11:02:05,850 - INFO - Progress: 172/250 - https://cyberdefender.hk/en-us/ransomware
2025-10-06 11:02:05,851 - INFO - Analyzing: https://cyberdefender.hk/en-us/ransomware
2025-10-06 11:02:11,540 - INFO - Progress: 173/250 - https://cyberdefender.hk/en-us/ransomware?rest_route=%2Fprivate_membership%2Flogout
2025-10-06 11:02:11,540 - INFO - Analyzing: https://cyberdefender.hk/en-us/ransomware?rest_route=%2Fprivate_membership%2Flogout
2025-10-06 11:02:18,629 - INFO - Progress: 174/250 - https://cyberdefender.hk/en-us/recovery_phrase
2025-10-06 11:02:18,630 - INFO - Analyzing: https://cyberdefender.hk/en-us/recovery_phrase
2025-10-06 11:02:23,787 - INFO - Progress: 175/250 - https://cyberdefender.hk/en-us/recovery_phrase?rest_route=%2Fprivate_membership%2Flogout
2025-10-06 11:02:23,787 - INFO - Analyzing: https://cyberdefender.hk/en-us/recovery_phrase?rest_route=%2Fprivate_membership%2Flogout
2025-10-06 11:02:29,092 - INFO - Progress: 176/250 - https://cyberdefender.hk/en-us/romance_scam
2025-10-06 11:02:29,093 - INFO - Analyzing: https://cyberdefender.hk/en-us/romance_scam
2025-10-06 11:02:34,476 - INFO - Progress: 177/250 - https://cyberdefender.hk/en-us/romance_scam?rest_route=%2Fprivate_membership%2Flogout
2025-10-06 11:02:34,477 - INFO - Analyzing: https://cyberdefender.hk/en-us/romance_scam?rest_route=%2Fprivate_membership%2Flogout
2025-10-06 11:02:40,224 - INFO - Progress: 178/250 - https://cyberdefender.hk/en-us/scameter
2025-10-06 11:02:40,224 - INFO - Analyzing: https://cyberdefender.hk/en-us/scameter
2025-10-06 11:02:45,735 - INFO - Progress: 179/250 - https://cyberdefender.hk/en-us/scameter?rest_route=%2Fprivate_membership%2Flogout
2025-10-06 11:02:45,735 - INFO - Analyzing: https://cyberdefender.hk/en-us/scameter?rest_route=%2Fprivate_membership%2Flogout
2025-10-06 11:02:51,202 - INFO - Progress: 180/250 - https://cyberdefender.hk/en-us/secure-your-device
2025-10-06 11:02:51,202 - INFO - Analyzing: https://cyberdefender.hk/en-us/secure-your-device
2025-10-06 11:02:56,296 - INFO - Completed 180 URLs, continuing...
2025-10-06 11:02:56,296 - INFO - Progress: 181/250 - https://cyberdefender.hk/en-us/secure-your-device?rest_route=%2Fprivate_membership%2Flogout
2025-10-06 11:02:56,296 - INFO - Analyzing: https://cyberdefender.hk/en-us/secure-your-device?rest_route=%2Fprivate_membership%2Flogout
2025-10-06 11:03:01,784 - INFO - Progress: 182/250 - https://cyberdefender.hk/en-us/security_tools
2025-10-06 11:03:01,784 - INFO - Analyzing: https://cyberdefender.hk/en-us/security_tools
2025-10-06 11:03:07,791 - INFO - Progress: 183/250 - https://cyberdefender.hk/en-us/security_tools?rest_route=%2Fprivate_membership%2Flogout
2025-10-06 11:03:07,791 - INFO - Analyzing: https://cyberdefender.hk/en-us/security_tools?rest_route=%2Fprivate_membership%2Flogout
2025-10-06 11:03:13,929 - INFO - Progress: 184/250 - https://cyberdefender.hk/en-us/social_media_security
2025-10-06 11:03:13,930 - INFO - Analyzing: https://cyberdefender.hk/en-us/social_media_security
2025-10-06 11:03:20,113 - INFO - Progress: 185/250 - https://cyberdefender.hk/en-us/social_media_security?rest_route=%2Fprivate_membership%2Flogout
2025-10-06 11:03:20,113 - INFO - Analyzing: https://cyberdefender.hk/en-us/social_media_security?rest_route=%2Fprivate_membership%2Flogout
2025-10-06 11:03:25,513 - INFO - Progress: 186/250 - https://cyberdefender.hk/en-us/statistics
2025-10-06 11:03:25,513 - INFO - Analyzing: https://cyberdefender.hk/en-us/statistics
2025-10-06 11:03:31,152 - INFO - Progress: 187/250 - https://cyberdefender.hk/en-us/statistics?rest_route=%2Fprivate_membership%2Flogout
2025-10-06 11:03:31,152 - INFO - Analyzing: https://cyberdefender.hk/en-us/statistics?rest_route=%2Fprivate_membership%2Flogout
2025-10-06 11:03:36,950 - INFO - Progress: 188/250 - https://cyberdefender.hk/en-us/story
2025-10-06 11:03:36,950 - INFO - Analyzing: https://cyberdefender.hk/en-us/story
2025-10-06 11:03:42,270 - INFO - Progress: 189/250 - https://cyberdefender.hk/en-us/story?rest_route=%2Fprivate_membership%2Flogout
2025-10-06 11:03:42,271 - INFO - Analyzing: https://cyberdefender.hk/en-us/story?rest_route=%2Fprivate_membership%2Flogout
2025-10-06 11:03:47,565 - INFO - Progress: 190/250 - https://cyberdefender.hk/en-us/suspicious-proxy-alert
2025-10-06 11:03:47,565 - INFO - Analyzing: https://cyberdefender.hk/en-us/suspicious-proxy-alert
2025-10-06 11:03:53,056 - INFO - Completed 190 URLs, continuing...
2025-10-06 11:03:53,056 - INFO - Progress: 191/250 - https://cyberdefender.hk/en-us/suspicious-proxy-alert?rest_route=%2Fprivate_membership%2Flogout
2025-10-06 11:03:53,057 - INFO - Analyzing: https://cyberdefender.hk/en-us/suspicious-proxy-alert?rest_route=%2Fprivate_membership%2Flogout
2025-10-06 11:03:58,691 - INFO - Progress: 192/250 - https://cyberdefender.hk/en-us/theft_of_identity
2025-10-06 11:03:58,692 - INFO - Analyzing: https://cyberdefender.hk/en-us/theft_of_identity
2025-10-06 11:04:04,308 - INFO - Progress: 193/250 - https://cyberdefender.hk/en-us/theft_of_identity?rest_route=%2Fprivate_membership%2Flogout
2025-10-06 11:04:04,309 - INFO - Analyzing: https://cyberdefender.hk/en-us/theft_of_identity?rest_route=%2Fprivate_membership%2Flogout
2025-10-06 11:04:10,486 - INFO - Progress: 194/250 - https://cyberdefender.hk/en-us/useful_link
2025-10-06 11:04:10,487 - INFO - Analyzing: https://cyberdefender.hk/en-us/useful_link
2025-10-06 11:04:16,668 - INFO - Progress: 195/250 - https://cyberdefender.hk/en-us/useful_link?rest_route=%2Fprivate_membership%2Flogout
2025-10-06 11:04:16,668 - INFO - Analyzing: https://cyberdefender.hk/en-us/useful_link?rest_route=%2Fprivate_membership%2Flogout
2025-10-06 11:04:22,676 - INFO - Progress: 196/250 - https://cyberdefender.hk/en-us/victim_mentality
2025-10-06 11:04:22,676 - INFO - Analyzing: https://cyberdefender.hk/en-us/victim_mentality
2025-10-06 11:04:28,077 - INFO - Progress: 197/250 - https://cyberdefender.hk/en-us/victim_mentality?rest_route=%2Fprivate_membership%2Flogout
2025-10-06 11:04:28,077 - INFO - Analyzing: https://cyberdefender.hk/en-us/victim_mentality?rest_route=%2Fprivate_membership%2Flogout
2025-10-06 11:04:33,402 - INFO - Progress: 198/250 - https://cyberdefender.hk/en-us/video_leaflet
2025-10-06 11:04:33,403 - INFO - Analyzing: https://cyberdefender.hk/en-us/video_leaflet
2025-10-06 11:04:38,592 - INFO - Progress: 199/250 - https://cyberdefender.hk/en-us/video_leaflet?rest_route=%2Fprivate_membership%2Flogout
2025-10-06 11:04:38,592 - INFO - Analyzing: https://cyberdefender.hk/en-us/video_leaflet?rest_route=%2Fprivate_membership%2Flogout
2025-10-06 11:04:43,952 - INFO - Progress: 200/250 - https://cyberdefender.hk/en-us/voyeurism
2025-10-06 11:04:43,952 - INFO - Analyzing: https://cyberdefender.hk/en-us/voyeurism
2025-10-06 11:04:49,068 - INFO - Completed 200 URLs, continuing...
2025-10-06 11:04:49,068 - INFO - Progress: 201/250 - https://cyberdefender.hk/en-us/voyeurism?rest_route=%2Fprivate_membership%2Flogout
2025-10-06 11:04:49,069 - INFO - Analyzing: https://cyberdefender.hk/en-us/voyeurism?rest_route=%2Fprivate_membership%2Flogout
2025-10-06 11:04:54,536 - INFO - Progress: 202/250 - https://cyberdefender.hk/en-us/what-is-phishing-how-to-protect-yourself-and-your-money-online
2025-10-06 11:04:54,536 - INFO - Analyzing: https://cyberdefender.hk/en-us/what-is-phishing-how-to-protect-yourself-and-your-money-online
2025-10-06 11:04:59,498 - INFO - Progress: 203/250 - https://cyberdefender.hk/en-us/whats-cookie
2025-10-06 11:04:59,498 - INFO - Analyzing: https://cyberdefender.hk/en-us/whats-cookie
2025-10-06 11:05:04,970 - INFO - Progress: 204/250 - https://cyberdefender.hk/en-us/whats-cookie?rest_route=%2Fprivate_membership%2Flogout
2025-10-06 11:05:04,971 - INFO - Analyzing: https://cyberdefender.hk/en-us/whats-cookie?rest_route=%2Fprivate_membership%2Flogout
2025-10-06 11:05:10,795 - INFO - Progress: 205/250 - https://cyberdefender.hk/en-us/why-you-need-to-protect-your-privacy-when-using-free-wi-fi
2025-10-06 11:05:10,796 - INFO - Analyzing: https://cyberdefender.hk/en-us/why-you-need-to-protect-your-privacy-when-using-free-wi-fi
2025-10-06 11:05:17,350 - INFO - Progress: 206/250 - https://cyberdefender.hk/en-us?rest_route=%2Fprivate_membership%2Flogout
2025-10-06 11:05:17,351 - INFO - Analyzing: https://cyberdefender.hk/en-us?rest_route=%2Fprivate_membership%2Flogout
2025-10-06 11:05:24,953 - INFO - Progress: 207/250 - https://cyberdefender.hk/events_and_resources
2025-10-06 11:05:24,954 - INFO - Analyzing: https://cyberdefender.hk/events_and_resources
2025-10-06 11:05:30,205 - INFO - Progress: 208/250 - https://cyberdefender.hk/fakenews
2025-10-06 11:05:30,206 - INFO - Analyzing: https://cyberdefender.hk/fakenews
2025-10-06 11:05:35,913 - INFO - Progress: 209/250 - https://cyberdefender.hk/firewall_setting
2025-10-06 11:05:35,913 - INFO - Analyzing: https://cyberdefender.hk/firewall_setting
2025-10-06 11:05:41,313 - INFO - Progress: 210/250 - https://cyberdefender.hk/guideline_for_teens
2025-10-06 11:05:41,314 - INFO - Analyzing: https://cyberdefender.hk/guideline_for_teens
2025-10-06 11:05:46,577 - INFO - Completed 210 URLs, continuing...
2025-10-06 11:05:46,577 - INFO - Progress: 211/250 - https://cyberdefender.hk/http-404
2025-10-06 11:05:46,578 - INFO - Analyzing: https://cyberdefender.hk/http-404
2025-10-06 11:05:52,059 - INFO - Progress: 212/250 - https://cyberdefender.hk/investment_fraud
2025-10-06 11:05:52,060 - INFO - Analyzing: https://cyberdefender.hk/investment_fraud
2025-10-06 11:05:57,524 - INFO - Progress: 213/250 - https://cyberdefender.hk/iot
2025-10-06 11:05:57,524 - INFO - Analyzing: https://cyberdefender.hk/iot
2025-10-06 11:06:02,816 - INFO - Progress: 214/250 - https://cyberdefender.hk/iot_attack
2025-10-06 11:06:02,816 - INFO - Analyzing: https://cyberdefender.hk/iot_attack
2025-10-06 11:06:08,792 - INFO - Progress: 215/250 - https://cyberdefender.hk/iphone-anti-virus
2025-10-06 11:06:08,793 - INFO - Analyzing: https://cyberdefender.hk/iphone-anti-virus
2025-10-06 11:06:14,575 - INFO - Progress: 216/250 - https://cyberdefender.hk/it-basics
2025-10-06 11:06:14,575 - INFO - Analyzing: https://cyberdefender.hk/it-basics
2025-10-06 11:06:20,536 - INFO - Progress: 217/250 - https://cyberdefender.hk/learning-resources
2025-10-06 11:06:20,536 - INFO - Analyzing: https://cyberdefender.hk/learning-resources
2025-10-06 11:06:25,936 - INFO - Progress: 218/250 - https://cyberdefender.hk/metaverse
2025-10-06 11:06:25,937 - INFO - Analyzing: https://cyberdefender.hk/metaverse
2025-10-06 11:06:31,247 - INFO - Progress: 219/250 - https://cyberdefender.hk/mitm
2025-10-06 11:06:31,247 - INFO - Analyzing: https://cyberdefender.hk/mitm
2025-10-06 11:06:36,618 - INFO - Progress: 220/250 - https://cyberdefender.hk/mobile-payment
2025-10-06 11:06:36,618 - INFO - Analyzing: https://cyberdefender.hk/mobile-payment
2025-10-06 11:06:41,893 - INFO - Completed 220 URLs, continuing...
2025-10-06 11:06:41,893 - INFO - Progress: 221/250 - https://cyberdefender.hk/naked_chat
2025-10-06 11:06:41,894 - INFO - Analyzing: https://cyberdefender.hk/naked_chat
2025-10-06 11:06:47,435 - INFO - Progress: 222/250 - https://cyberdefender.hk/netiquette
2025-10-06 11:06:47,435 - INFO - Analyzing: https://cyberdefender.hk/netiquette
2025-10-06 11:06:52,799 - INFO - Progress: 223/250 - https://cyberdefender.hk/non-fungible-token
2025-10-06 11:06:52,800 - INFO - Analyzing: https://cyberdefender.hk/non-fungible-token
2025-10-06 11:06:58,074 - INFO - Progress: 224/250 - https://cyberdefender.hk/online-account-hijacking
2025-10-06 11:06:58,074 - INFO - Analyzing: https://cyberdefender.hk/online-account-hijacking
2025-10-06 11:07:03,906 - INFO - Progress: 225/250 - https://cyberdefender.hk/online_employment_fraud
2025-10-06 11:07:03,906 - INFO - Analyzing: https://cyberdefender.hk/online_employment_fraud
2025-10-06 11:07:09,993 - INFO - Progress: 226/250 - https://cyberdefender.hk/online_shopping_fraud
2025-10-06 11:07:09,993 - INFO - Analyzing: https://cyberdefender.hk/online_shopping_fraud
2025-10-06 11:07:16,962 - INFO - Progress: 227/250 - https://cyberdefender.hk/parents-and-teachers
2025-10-06 11:07:16,963 - INFO - Analyzing: https://cyberdefender.hk/parents-and-teachers
2025-10-06 11:07:22,671 - INFO - Progress: 228/250 - https://cyberdefender.hk/password-strength-tool
2025-10-06 11:07:22,671 - INFO - Analyzing: https://cyberdefender.hk/password-strength-tool
2025-10-06 11:07:28,635 - INFO - Progress: 229/250 - https://cyberdefender.hk/phishing_attack
2025-10-06 11:07:28,635 - INFO - Analyzing: https://cyberdefender.hk/phishing_attack
2025-10-06 11:07:34,024 - INFO - Progress: 230/250 - https://cyberdefender.hk/privacy-policy
2025-10-06 11:07:34,024 - INFO - Analyzing: https://cyberdefender.hk/privacy-policy
2025-10-06 11:07:39,245 - INFO - Completed 230 URLs, continuing...
2025-10-06 11:07:39,245 - INFO - Progress: 231/250 - https://cyberdefender.hk/privacy_setting
2025-10-06 11:07:39,245 - INFO - Analyzing: https://cyberdefender.hk/privacy_setting
2025-10-06 11:07:44,452 - INFO - Progress: 232/250 - https://cyberdefender.hk/protect_privacy
2025-10-06 11:07:44,453 - INFO - Analyzing: https://cyberdefender.hk/protect_privacy
2025-10-06 11:07:49,658 - INFO - Progress: 233/250 - https://cyberdefender.hk/public_wifi_safety
2025-10-06 11:07:49,659 - INFO - Analyzing: https://cyberdefender.hk/public_wifi_safety
2025-10-06 11:07:55,058 - INFO - Progress: 234/250 - https://cyberdefender.hk/ransomware
2025-10-06 11:07:55,059 - INFO - Analyzing: https://cyberdefender.hk/ransomware
2025-10-06 11:08:00,520 - INFO - Progress: 235/250 - https://cyberdefender.hk/recovery_phrase
2025-10-06 11:08:00,521 - INFO - Analyzing: https://cyberdefender.hk/recovery_phrase
2025-10-06 11:08:06,396 - INFO - Progress: 236/250 - https://cyberdefender.hk/romance_scam
2025-10-06 11:08:06,396 - INFO - Analyzing: https://cyberdefender.hk/romance_scam
2025-10-06 11:08:12,486 - INFO - Progress: 237/250 - https://cyberdefender.hk/scameter
2025-10-06 11:08:12,486 - INFO - Analyzing: https://cyberdefender.hk/scameter
2025-10-06 11:08:18,593 - INFO - Progress: 238/250 - https://cyberdefender.hk/scameterplus
2025-10-06 11:08:18,594 - INFO - Analyzing: https://cyberdefender.hk/scameterplus
2025-10-06 11:08:23,851 - INFO - Progress: 239/250 - https://cyberdefender.hk/secure-your-device
2025-10-06 11:08:23,852 - INFO - Analyzing: https://cyberdefender.hk/secure-your-device
2025-10-06 11:08:28,953 - INFO - Progress: 240/250 - https://cyberdefender.hk/security_tools
2025-10-06 11:08:28,954 - INFO - Analyzing: https://cyberdefender.hk/security_tools
2025-10-06 11:08:34,286 - INFO - Completed 240 URLs, continuing...
2025-10-06 11:08:34,286 - INFO - Progress: 241/250 - https://cyberdefender.hk/social_media_security
2025-10-06 11:08:34,287 - INFO - Analyzing: https://cyberdefender.hk/social_media_security
2025-10-06 11:08:39,562 - INFO - Progress: 242/250 - https://cyberdefender.hk/statistics
2025-10-06 11:08:39,563 - INFO - Analyzing: https://cyberdefender.hk/statistics
2025-10-06 11:08:45,183 - INFO - Progress: 243/250 - https://cyberdefender.hk/story
2025-10-06 11:08:45,184 - INFO - Analyzing: https://cyberdefender.hk/story
2025-10-06 11:08:50,413 - INFO - Progress: 244/250 - https://cyberdefender.hk/suspicious-proxy-alert
2025-10-06 11:08:50,413 - INFO - Analyzing: https://cyberdefender.hk/suspicious-proxy-alert
2025-10-06 11:08:56,193 - INFO - Progress: 245/250 - https://cyberdefender.hk/theft_of_identity
2025-10-06 11:08:56,193 - INFO - Analyzing: https://cyberdefender.hk/theft_of_identity
2025-10-06 11:09:01,720 - INFO - Progress: 246/250 - https://cyberdefender.hk/useful_link
2025-10-06 11:09:01,720 - INFO - Analyzing: https://cyberdefender.hk/useful_link
2025-10-06 11:09:07,228 - INFO - Progress: 247/250 - https://cyberdefender.hk/victim_mentality
2025-10-06 11:09:07,229 - INFO - Analyzing: https://cyberdefender.hk/victim_mentality
2025-10-06 11:09:12,873 - INFO - Progress: 248/250 - https://cyberdefender.hk/video_leaflet
2025-10-06 11:09:12,874 - INFO - Analyzing: https://cyberdefender.hk/video_leaflet
2025-10-06 11:09:19,756 - INFO - Progress: 249/250 - https://cyberdefender.hk/voyeurism
2025-10-06 11:09:19,756 - INFO - Analyzing: https://cyberdefender.hk/voyeurism
2025-10-06 11:09:26,787 - INFO - Progress: 250/250 - https://cyberdefender.hk/whats-cookie
2025-10-06 11:09:26,787 - INFO - Analyzing: https://cyberdefender.hk/whats-cookie
2025-10-06 11:09:32,229 - INFO - Completed 250 URLs, continuing...
2025-10-06 11:09:32,233 - INFO - Enhanced sitemap saved to: C:\Users\simonwang\Documents\Vault4sync\01-Courses\GCAP3056\Anti-Scamming\cytberdefender\enhanced_sitemap.csv
2025-10-06 11:09:32,233 - INFO - Content analysis completed!
