2025-10-06 10:09:21,794 - INFO - Starting crawl of https://cyberdefender.hk/en-us/
2025-10-06 10:09:21,795 - INFO - Output directory: C:\Users\simonwang\Documents\Vault4sync\01-Courses\GCAP3056\Anti-Scamming\cytberdefender
2025-10-06 10:09:21,795 - INFO - Downloading: https://cyberdefender.hk/en-us/
2025-10-06 10:09:41,823 - ERROR - Failed to download https://cyberdefender.hk/en-us/: 522 Server Error: <none> for url: https://cyberdefender.hk/en-us/
2025-10-06 10:09:43,826 - INFO - Progress: 1 pages crawled, 0 URLs in queue
2025-10-06 10:09:43,828 - INFO - Summary saved to: C:\Users\simonwang\Documents\Vault4sync\01-Courses\GCAP3056\Anti-Scamming\cytberdefender\crawl_summary.md
2025-10-06 10:09:43,829 - INFO - Crawling completed!
2025-10-06 10:09:56,864 - INFO - Starting crawl of https://cyberdefender.hk/en-us/
2025-10-06 10:09:56,865 - INFO - Output directory: C:\Users\simonwang\Documents\Vault4sync\01-Courses\GCAP3056\Anti-Scamming\cytberdefender
2025-10-06 10:09:56,865 - INFO - Downloading: https://cyberdefender.hk/en-us/
2025-10-06 10:10:05,206 - INFO - Saved: en-us_.html (238 links found)
2025-10-06 10:10:07,209 - INFO - Progress: 1 pages crawled, 84 URLs in queue
2025-10-06 10:10:07,209 - INFO - Downloading: https://cyberdefender.hk/en-us
2025-10-06 10:10:11,921 - INFO - Saved: en-us.html (238 links found)
2025-10-06 10:10:13,922 - INFO - Progress: 2 pages crawled, 87 URLs in queue
2025-10-06 10:10:13,922 - INFO - Downloading: https://cyberdefender.hk/en-us/it-basics
2025-10-06 10:10:18,958 - INFO - Saved: en-us_it-basics.html (225 links found)
2025-10-06 10:10:20,962 - INFO - Progress: 3 pages crawled, 89 URLs in queue
2025-10-06 10:10:20,962 - INFO - Downloading: https://cyberdefender.hk/en-us/secure-your-device/
2025-10-06 10:10:23,507 - INFO - Saved: en-us_secure-your-device_.html (228 links found)
2025-10-06 10:10:25,513 - INFO - Progress: 4 pages crawled, 90 URLs in queue
2025-10-06 10:10:25,513 - INFO - Downloading: https://cyberdefender.hk/en-us/parents-and-teachers/
2025-10-06 10:10:28,215 - INFO - Saved: en-us_parents-and-teachers_.html (228 links found)
2025-10-06 10:10:30,217 - INFO - Progress: 5 pages crawled, 94 URLs in queue
2025-10-06 10:10:30,218 - INFO - Summary saved to: C:\Users\simonwang\Documents\Vault4sync\01-Courses\GCAP3056\Anti-Scamming\cytberdefender\crawl_summary.md
2025-10-06 10:10:30,218 - INFO - Crawling completed!
2025-10-06 10:11:41,909 - INFO - Starting crawl of https://cyberdefender.hk/en-us/
2025-10-06 10:11:41,909 - INFO - Output directory: C:\Users\simonwang\Documents\Vault4sync\01-Courses\GCAP3056\Anti-Scamming\cytberdefender
2025-10-06 10:11:41,909 - INFO - Downloading: https://cyberdefender.hk/en-us/
2025-10-06 10:11:44,365 - INFO - Saved: en-us_.html (238 links found)
2025-10-06 10:11:45,368 - INFO - Progress: 1 pages crawled, 83 URLs in queue
2025-10-06 10:11:45,369 - INFO - Downloading: https://cyberdefender.hk/en-us
2025-10-06 10:11:49,617 - INFO - Saved: en-us.html (238 links found)
2025-10-06 10:11:50,618 - INFO - Progress: 2 pages crawled, 86 URLs in queue
2025-10-06 10:11:50,619 - INFO - Downloading: https://cyberdefender.hk/en-us/it-basics
2025-10-06 10:11:54,898 - INFO - Saved: en-us_it-basics.html (225 links found)
2025-10-06 10:11:55,900 - INFO - Progress: 3 pages crawled, 88 URLs in queue
2025-10-06 10:11:55,901 - INFO - Downloading: https://cyberdefender.hk/en-us/secure-your-device/
2025-10-06 10:11:57,788 - INFO - Saved: en-us_secure-your-device_.html (228 links found)
2025-10-06 10:11:58,789 - INFO - Progress: 4 pages crawled, 89 URLs in queue
2025-10-06 10:11:58,790 - INFO - Downloading: https://cyberdefender.hk/en-us/parents-and-teachers/
2025-10-06 10:12:00,975 - INFO - Saved: en-us_parents-and-teachers_.html (228 links found)
2025-10-06 10:12:01,978 - INFO - Progress: 5 pages crawled, 93 URLs in queue
2025-10-06 10:12:01,978 - INFO - Downloading: https://cyberdefender.hk/en-us/cybercrime/
2025-10-06 10:12:04,550 - INFO - Saved: en-us_cybercrime_.html (237 links found)
2025-10-06 10:12:05,551 - INFO - Progress: 6 pages crawled, 98 URLs in queue
2025-10-06 10:12:05,552 - INFO - Downloading: https://cyberdefender.hk/en-us/events_and_resources/
2025-10-06 10:12:10,385 - INFO - Saved: en-us_events_and_resources_.html (220 links found)
2025-10-06 10:12:11,387 - INFO - Progress: 7 pages crawled, 105 URLs in queue
2025-10-06 10:12:11,387 - INFO - Downloading: https://cyberdefender.hk/en-us/?member_dashboard=1
2025-10-06 10:12:16,668 - INFO - Saved: en-us_.html (189 links found)
2025-10-06 10:12:17,670 - INFO - Progress: 8 pages crawled, 104 URLs in queue
2025-10-06 10:12:17,670 - INFO - Downloading: https://cyberdefender.hk/en-us/?rest_route=/private_membership/logout
2025-10-06 10:12:22,667 - INFO - Saved: en-us_.html (240 links found)
2025-10-06 10:12:23,668 - INFO - Progress: 9 pages crawled, 189 URLs in queue
2025-10-06 10:12:23,668 - INFO - Downloading: https://cyberdefender.hk/en-us/scameter/
2025-10-06 10:12:26,051 - INFO - Saved: en-us_scameter_.html (205 links found)
2025-10-06 10:12:27,053 - INFO - Progress: 10 pages crawled, 189 URLs in queue
2025-10-06 10:12:27,053 - INFO - Downloading: https://cyberdefender.hk/en-us/suspicious-proxy-alert/
2025-10-06 10:12:29,414 - INFO - Saved: en-us_suspicious-proxy-alert_.html (226 links found)
2025-10-06 10:12:30,416 - INFO - Progress: 11 pages crawled, 190 URLs in queue
2025-10-06 10:12:30,417 - INFO - Downloading: https://cyberdefender.hk/en-us/protect_privacy/
2025-10-06 10:12:32,625 - INFO - Saved: en-us_protect_privacy_.html (221 links found)
2025-10-06 10:12:33,627 - INFO - Progress: 12 pages crawled, 190 URLs in queue
2025-10-06 10:12:33,627 - INFO - Downloading: https://cyberdefender.hk/en-us/whats-cookie/
2025-10-06 10:12:35,954 - INFO - Saved: en-us_whats-cookie_.html (215 links found)
2025-10-06 10:12:36,955 - INFO - Progress: 13 pages crawled, 190 URLs in queue
2025-10-06 10:12:36,956 - INFO - Downloading: https://cyberdefender.hk/en-us/fakenews/
2025-10-06 10:12:39,229 - INFO - Saved: en-us_fakenews_.html (215 links found)
2025-10-06 10:12:40,230 - INFO - Progress: 14 pages crawled, 190 URLs in queue
2025-10-06 10:12:40,230 - INFO - Downloading: https://cyberdefender.hk/en-us/deep-fake
2025-10-06 10:12:44,315 - INFO - Saved: en-us_deep-fake.html (215 links found)
2025-10-06 10:12:45,317 - INFO - Progress: 15 pages crawled, 190 URLs in queue
2025-10-06 10:12:45,317 - INFO - Downloading: https://cyberdefender.hk/en-us/852_sms/
2025-10-06 10:12:47,460 - INFO - Saved: en-us_852_sms_.html (215 links found)
2025-10-06 10:12:48,462 - INFO - Progress: 16 pages crawled, 190 URLs in queue
2025-10-06 10:12:48,462 - INFO - Downloading: https://cyberdefender.hk/en-us/cryptocurrency
2025-10-06 10:12:53,051 - INFO - Saved: en-us_cryptocurrency.html (233 links found)
2025-10-06 10:12:54,053 - INFO - Progress: 17 pages crawled, 190 URLs in queue
2025-10-06 10:12:54,053 - INFO - Downloading: https://cyberdefender.hk/en-us/non-fungible-token/
2025-10-06 10:12:56,218 - INFO - Saved: en-us_non-fungible-token_.html (236 links found)
2025-10-06 10:12:57,220 - INFO - Progress: 18 pages crawled, 190 URLs in queue
2025-10-06 10:12:57,220 - INFO - Downloading: https://cyberdefender.hk/en-us/mobile-payment
2025-10-06 10:13:01,313 - INFO - Saved: en-us_mobile-payment.html (233 links found)
2025-10-06 10:13:02,315 - INFO - Progress: 19 pages crawled, 190 URLs in queue
2025-10-06 10:13:02,316 - INFO - Downloading: https://cyberdefender.hk/en-us/e-hkd/
2025-10-06 10:13:05,034 - INFO - Saved: en-us_e-hkd_.html (233 links found)
2025-10-06 10:13:06,036 - INFO - Progress: 20 pages crawled, 190 URLs in queue
2025-10-06 10:13:06,036 - INFO - Downloading: https://cyberdefender.hk/en-us/artificial-intelligence/
2025-10-06 10:13:08,806 - INFO - Saved: en-us_artificial-intelligence_.html (215 links found)
2025-10-06 10:13:09,808 - INFO - Progress: 21 pages crawled, 190 URLs in queue
2025-10-06 10:13:09,808 - INFO - Downloading: https://cyberdefender.hk/en-us/iot/
2025-10-06 10:13:12,466 - INFO - Saved: en-us_iot_.html (215 links found)
2025-10-06 10:13:13,468 - INFO - Progress: 22 pages crawled, 190 URLs in queue
2025-10-06 10:13:13,469 - INFO - Downloading: https://cyberdefender.hk/en-us/cloudcomputing/
2025-10-06 10:13:17,410 - INFO - Saved: en-us_cloudcomputing_.html (215 links found)
2025-10-06 10:13:18,412 - INFO - Progress: 23 pages crawled, 190 URLs in queue
2025-10-06 10:13:18,412 - INFO - Downloading: https://cyberdefender.hk/en-us/http-404/
2025-10-06 10:13:20,918 - INFO - Saved: en-us_http-404_.html (233 links found)
2025-10-06 10:13:21,920 - INFO - Progress: 24 pages crawled, 190 URLs in queue
2025-10-06 10:13:21,921 - INFO - Downloading: https://cyberdefender.hk/en-us/metaverse/
2025-10-06 10:13:24,206 - INFO - Saved: en-us_metaverse_.html (215 links found)
2025-10-06 10:13:25,208 - INFO - Progress: 25 pages crawled, 190 URLs in queue
2025-10-06 10:13:25,208 - INFO - Downloading: https://cyberdefender.hk/en-us/darkweb/
2025-10-06 10:13:27,387 - INFO - Saved: en-us_darkweb_.html (233 links found)
2025-10-06 10:13:28,389 - INFO - Progress: 26 pages crawled, 190 URLs in queue
2025-10-06 10:13:28,389 - INFO - Downloading: https://cyberdefender.hk/en-us/password-strength-tool/
2025-10-06 10:13:30,404 - INFO - Saved: en-us_password-strength-tool_.html (223 links found)
2025-10-06 10:13:31,406 - INFO - Progress: 27 pages crawled, 190 URLs in queue
2025-10-06 10:13:31,406 - INFO - Downloading: https://cyberdefender.hk/en-us/biometrics/
2025-10-06 10:13:33,446 - INFO - Saved: en-us_biometrics_.html (223 links found)
2025-10-06 10:13:34,448 - INFO - Progress: 28 pages crawled, 190 URLs in queue
2025-10-06 10:13:34,448 - INFO - Downloading: https://cyberdefender.hk/en-us/recovery_phrase/
2025-10-06 10:13:37,235 - INFO - Saved: en-us_recovery_phrase_.html (225 links found)
2025-10-06 10:13:38,238 - INFO - Progress: 29 pages crawled, 190 URLs in queue
2025-10-06 10:13:38,238 - INFO - Downloading: https://cyberdefender.hk/en-us/social_media_security/
2025-10-06 10:13:40,361 - INFO - Saved: en-us_social_media_security_.html (223 links found)
2025-10-06 10:13:41,363 - INFO - Progress: 30 pages crawled, 190 URLs in queue
2025-10-06 10:13:41,363 - INFO - Downloading: https://cyberdefender.hk/en-us/firewall_setting/
2025-10-06 10:13:43,855 - INFO - Saved: en-us_firewall_setting_.html (227 links found)
2025-10-06 10:13:44,857 - INFO - Progress: 31 pages crawled, 190 URLs in queue
2025-10-06 10:13:44,858 - INFO - Downloading: https://cyberdefender.hk/en-us/security_tools/
2025-10-06 10:13:47,175 - INFO - Saved: en-us_security_tools_.html (225 links found)
2025-10-06 10:13:48,176 - INFO - Progress: 32 pages crawled, 190 URLs in queue
2025-10-06 10:13:48,177 - INFO - Downloading: https://cyberdefender.hk/en-us/public_wifi_safety/
2025-10-06 10:13:50,338 - INFO - Saved: en-us_public_wifi_safety_.html (223 links found)
2025-10-06 10:13:51,339 - INFO - Progress: 33 pages crawled, 190 URLs in queue
2025-10-06 10:13:51,339 - INFO - Downloading: https://cyberdefender.hk/en-us/cyber-hygiene/
2025-10-06 10:14:07,330 - INFO - Saved: en-us_cyber-hygiene_.html (215 links found)
2025-10-06 10:14:08,333 - INFO - Progress: 34 pages crawled, 190 URLs in queue
2025-10-06 10:14:08,334 - INFO - Downloading: https://cyberdefender.hk/en-us/dispose-old-mobile-phone-safely/
2025-10-06 10:14:11,070 - INFO - Saved: en-us_dispose-old-mobile-phone-safely_.html (223 links found)
2025-10-06 10:14:12,072 - INFO - Progress: 35 pages crawled, 190 URLs in queue
2025-10-06 10:14:12,072 - INFO - Downloading: https://cyberdefender.hk/en-us/iphone-anti-virus/
2025-10-06 10:14:15,598 - INFO - Saved: en-us_iphone-anti-virus_.html (223 links found)
2025-10-06 10:14:16,601 - INFO - Progress: 36 pages crawled, 190 URLs in queue
2025-10-06 10:14:16,601 - INFO - Downloading: https://cyberdefender.hk/en-us/netiquette/
2025-10-06 10:14:24,434 - INFO - Saved: en-us_netiquette_.html (215 links found)
2025-10-06 10:14:25,437 - INFO - Progress: 37 pages crawled, 190 URLs in queue
2025-10-06 10:14:25,437 - INFO - Downloading: https://cyberdefender.hk/en-us/digital_literacy/
2025-10-06 10:14:27,624 - INFO - Saved: en-us_digital_literacy_.html (228 links found)
2025-10-06 10:14:28,625 - INFO - Progress: 38 pages crawled, 190 URLs in queue
2025-10-06 10:14:28,626 - INFO - Downloading: https://cyberdefender.hk/en-us/abusive_online_content
2025-10-06 10:14:32,861 - INFO - Saved: en-us_abusive_online_content.html (233 links found)
2025-10-06 10:14:33,863 - INFO - Progress: 39 pages crawled, 190 URLs in queue
2025-10-06 10:14:33,863 - INFO - Downloading: https://cyberdefender.hk/en-us/cyberbullying/
2025-10-06 10:14:35,980 - INFO - Saved: en-us_cyberbullying_.html (227 links found)
2025-10-06 10:14:36,981 - INFO - Progress: 40 pages crawled, 190 URLs in queue
2025-10-06 10:14:36,981 - INFO - Downloading: https://cyberdefender.hk/en-us/doxxing
2025-10-06 10:14:41,207 - INFO - Saved: en-us_doxxing.html (227 links found)
2025-10-06 10:14:42,209 - INFO - Progress: 41 pages crawled, 190 URLs in queue
2025-10-06 10:14:42,209 - INFO - Downloading: https://cyberdefender.hk/en-us/voyeurism/
2025-10-06 10:14:44,688 - INFO - Saved: en-us_voyeurism_.html (227 links found)
2025-10-06 10:14:45,690 - INFO - Progress: 42 pages crawled, 190 URLs in queue
2025-10-06 10:14:45,690 - INFO - Downloading: https://cyberdefender.hk/en-us/child_grooming
2025-10-06 10:14:49,886 - INFO - Saved: en-us_child_grooming.html (227 links found)
2025-10-06 10:14:50,888 - INFO - Progress: 43 pages crawled, 190 URLs in queue
2025-10-06 10:14:50,888 - INFO - Downloading: https://cyberdefender.hk/en-us/child_porn
2025-10-06 10:14:55,232 - INFO - Saved: en-us_child_porn.html (227 links found)
2025-10-06 10:14:56,236 - INFO - Progress: 44 pages crawled, 190 URLs in queue
2025-10-06 10:14:56,236 - INFO - Downloading: https://cyberdefender.hk/en-us/cybersex/
2025-10-06 10:14:58,461 - INFO - Saved: en-us_cybersex_.html (229 links found)
2025-10-06 10:14:59,462 - INFO - Progress: 45 pages crawled, 190 URLs in queue
2025-10-06 10:14:59,463 - INFO - Downloading: https://cyberdefender.hk/en-us/child-protection
2025-10-06 10:15:04,378 - INFO - Saved: en-us_child-protection.html (227 links found)
2025-10-06 10:15:05,381 - INFO - Progress: 46 pages crawled, 190 URLs in queue
2025-10-06 10:15:05,382 - INFO - Downloading: https://cyberdefender.hk/en-us/guideline_for_teens/
2025-10-06 10:15:08,807 - INFO - Saved: en-us_guideline_for_teens_.html (232 links found)
2025-10-06 10:15:09,808 - INFO - Progress: 47 pages crawled, 190 URLs in queue
2025-10-06 10:15:09,808 - INFO - Downloading: https://cyberdefender.hk/en-us/privacy_setting/
2025-10-06 10:15:12,511 - INFO - Saved: en-us_privacy_setting_.html (227 links found)
2025-10-06 10:15:13,513 - INFO - Progress: 48 pages crawled, 190 URLs in queue
2025-10-06 10:15:13,513 - INFO - Downloading: https://cyberdefender.hk/en-us/learning-resources
2025-10-06 10:15:19,185 - INFO - Saved: en-us_learning-resources.html (227 links found)
2025-10-06 10:15:20,189 - INFO - Progress: 49 pages crawled, 195 URLs in queue
2025-10-06 10:15:20,189 - INFO - Downloading: https://cyberdefender.hk/en-us/story/
2025-10-06 10:15:22,506 - INFO - Saved: en-us_story_.html (203 links found)
2025-10-06 10:15:23,508 - INFO - Progress: 50 pages crawled, 195 URLs in queue
2025-10-06 10:15:23,508 - INFO - Downloading: https://cyberdefender.hk/en-us/phishing_attack/
2025-10-06 10:15:25,745 - INFO - Saved: en-us_phishing_attack_.html (215 links found)
2025-10-06 10:15:26,747 - INFO - Progress: 51 pages crawled, 195 URLs in queue
2025-10-06 10:15:26,747 - INFO - Downloading: https://cyberdefender.hk/en-us/ransomware
2025-10-06 10:15:31,501 - INFO - Saved: en-us_ransomware.html (215 links found)
2025-10-06 10:15:32,502 - INFO - Progress: 52 pages crawled, 195 URLs in queue
2025-10-06 10:15:32,503 - INFO - Downloading: https://cyberdefender.hk/en-us/ddos
2025-10-06 10:15:36,680 - INFO - Saved: en-us_ddos.html (215 links found)
2025-10-06 10:15:37,682 - INFO - Progress: 53 pages crawled, 195 URLs in queue
2025-10-06 10:15:37,682 - INFO - Downloading: https://cyberdefender.hk/en-us/iot_attack
2025-10-06 10:15:42,122 - INFO - Saved: en-us_iot_attack.html (215 links found)
2025-10-06 10:15:43,126 - INFO - Progress: 54 pages crawled, 195 URLs in queue
2025-10-06 10:15:43,127 - INFO - Downloading: https://cyberdefender.hk/en-us/APT_attack
2025-10-06 10:15:47,147 - INFO - Saved: en-us_APT_attack.html (215 links found)
2025-10-06 10:15:48,149 - INFO - Progress: 55 pages crawled, 195 URLs in queue
2025-10-06 10:15:48,150 - INFO - Downloading: https://cyberdefender.hk/en-us/mitm
2025-10-06 10:15:53,424 - INFO - Saved: en-us_mitm.html (215 links found)
2025-10-06 10:15:54,426 - INFO - Progress: 56 pages crawled, 195 URLs in queue
2025-10-06 10:15:54,426 - INFO - Downloading: https://cyberdefender.hk/en-us/theft_of_identity
2025-10-06 10:15:58,642 - INFO - Saved: en-us_theft_of_identity.html (215 links found)
2025-10-06 10:15:59,645 - INFO - Progress: 57 pages crawled, 195 URLs in queue
2025-10-06 10:15:59,646 - INFO - Downloading: https://cyberdefender.hk/en-us/victim_mentality
2025-10-06 10:16:04,476 - INFO - Saved: en-us_victim_mentality.html (221 links found)
2025-10-06 10:16:05,478 - INFO - Progress: 58 pages crawled, 195 URLs in queue
2025-10-06 10:16:05,478 - INFO - Downloading: https://cyberdefender.hk/en-us/email_scam
2025-10-06 10:16:10,241 - INFO - Saved: en-us_email_scam.html (219 links found)
2025-10-06 10:16:11,243 - INFO - Progress: 59 pages crawled, 195 URLs in queue
2025-10-06 10:16:11,243 - INFO - Downloading: https://cyberdefender.hk/en-us/online_shopping_fraud
2025-10-06 10:16:17,107 - INFO - Saved: en-us_online_shopping_fraud.html (219 links found)
2025-10-06 10:16:18,109 - INFO - Progress: 60 pages crawled, 195 URLs in queue
2025-10-06 10:16:18,110 - INFO - Downloading: https://cyberdefender.hk/en-us/romance_scam
2025-10-06 10:16:22,649 - INFO - Saved: en-us_romance_scam.html (219 links found)
2025-10-06 10:16:23,651 - INFO - Progress: 61 pages crawled, 195 URLs in queue
2025-10-06 10:16:23,651 - INFO - Downloading: https://cyberdefender.hk/en-us/compensated_dating/
2025-10-06 10:16:25,791 - INFO - Saved: en-us_compensated_dating_.html (219 links found)
2025-10-06 10:16:26,792 - INFO - Progress: 62 pages crawled, 195 URLs in queue
2025-10-06 10:16:26,793 - INFO - Downloading: https://cyberdefender.hk/en-us/naked_chat/
2025-10-06 10:16:29,266 - INFO - Saved: en-us_naked_chat_.html (217 links found)
2025-10-06 10:16:30,268 - INFO - Progress: 63 pages crawled, 195 URLs in queue
2025-10-06 10:16:30,268 - INFO - Downloading: https://cyberdefender.hk/en-us/investment_fraud/
2025-10-06 10:16:32,683 - INFO - Saved: en-us_investment_fraud_.html (219 links found)
2025-10-06 10:16:33,684 - INFO - Progress: 64 pages crawled, 195 URLs in queue
2025-10-06 10:16:33,684 - INFO - Downloading: https://cyberdefender.hk/en-us/online_employment_fraud/
2025-10-06 10:16:36,213 - INFO - Saved: en-us_online_employment_fraud_.html (219 links found)
2025-10-06 10:16:37,214 - INFO - Progress: 65 pages crawled, 195 URLs in queue
2025-10-06 10:16:37,214 - INFO - Downloading: https://cyberdefender.hk/en-us/online-account-hijacking/
2025-10-06 10:16:39,572 - INFO - Saved: en-us_online-account-hijacking_.html (219 links found)
2025-10-06 10:16:40,574 - INFO - Progress: 66 pages crawled, 195 URLs in queue
2025-10-06 10:16:40,575 - INFO - Downloading: https://cyberdefender.hk/en-us/creditcard_misuse/
2025-10-06 10:16:43,046 - INFO - Saved: en-us_creditcard_misuse_.html (215 links found)
2025-10-06 10:16:44,048 - INFO - Progress: 67 pages crawled, 195 URLs in queue
2025-10-06 10:16:44,048 - INFO - Downloading: https://cyberdefender.hk/en-us/statistics/
2025-10-06 10:16:46,480 - INFO - Saved: en-us_statistics_.html (203 links found)
2025-10-06 10:16:47,482 - INFO - Progress: 68 pages crawled, 195 URLs in queue
2025-10-06 10:16:47,482 - INFO - Downloading: https://cyberdefender.hk/en-us/activity
2025-10-06 10:16:51,590 - INFO - Saved: en-us_activity.html (207 links found)
2025-10-06 10:16:52,592 - INFO - Progress: 69 pages crawled, 195 URLs in queue
2025-10-06 10:16:52,592 - INFO - Downloading: https://cyberdefender.hk/en-us/video_leaflet
2025-10-06 10:16:56,842 - INFO - Saved: en-us_video_leaflet.html (203 links found)
2025-10-06 10:16:57,844 - INFO - Progress: 70 pages crawled, 195 URLs in queue
2025-10-06 10:16:57,845 - INFO - Downloading: https://cyberdefender.hk/en-us/member_login/
2025-10-06 10:17:01,648 - INFO - Saved: en-us_member_login_.html (186 links found)
2025-10-06 10:17:02,650 - INFO - Progress: 71 pages crawled, 195 URLs in queue
2025-10-06 10:17:02,651 - INFO - Downloading: https://cyberdefender.hk/en-us/useful_link/
2025-10-06 10:17:04,903 - INFO - Saved: en-us_useful_link_.html (203 links found)
2025-10-06 10:17:05,905 - INFO - Progress: 72 pages crawled, 195 URLs in queue
2025-10-06 10:17:05,905 - INFO - Downloading: https://cyberdefender.hk/en-us/cspa2025/
2025-10-06 10:17:08,286 - INFO - Saved: en-us_cspa2025_.html (195 links found)
2025-10-06 10:17:09,288 - INFO - Progress: 73 pages crawled, 196 URLs in queue
2025-10-06 10:17:09,289 - INFO - Downloading: https://cyberdefender.hk/en-us/bughunting_campaign_2025/
2025-10-06 10:17:11,718 - INFO - Saved: en-us_bughunting_campaign_2025_.html (203 links found)
2025-10-06 10:17:12,720 - INFO - Progress: 74 pages crawled, 196 URLs in queue
2025-10-06 10:17:12,720 - INFO - Downloading: https://cyberdefender.hk/en-us/mobile-payment/
2025-10-06 10:17:16,109 - INFO - Saved: en-us_mobile-payment_.html (233 links found)
2025-10-06 10:17:17,111 - INFO - Progress: 75 pages crawled, 196 URLs in queue
2025-10-06 10:17:17,111 - INFO - Downloading: https://cyberdefender.hk/en-us/page/2/
2025-10-06 10:17:19,504 - INFO - Saved: en-us_page_2_.html (240 links found)
2025-10-06 10:17:20,506 - INFO - Progress: 76 pages crawled, 197 URLs in queue
2025-10-06 10:17:20,506 - INFO - Downloading: https://cyberdefender.hk/en-us/page/3/
2025-10-06 10:17:22,639 - INFO - Saved: en-us_page_3_.html (241 links found)
2025-10-06 10:17:23,641 - INFO - Progress: 77 pages crawled, 198 URLs in queue
2025-10-06 10:17:23,641 - INFO - Downloading: https://cyberdefender.hk/en-us/page/17/
2025-10-06 10:17:25,781 - INFO - Saved: en-us_page_17_.html (238 links found)
2025-10-06 10:17:26,783 - INFO - Progress: 78 pages crawled, 200 URLs in queue
2025-10-06 10:17:26,784 - INFO - Downloading: https://cyberdefender.hk/en-us/know-more-about-the-control-of-obscene-and-indecent-articles-ordinance/
2025-10-06 10:17:28,875 - INFO - Saved: en-us_know-more-about-the-control-of-obscene-and-indecent-articles-ordinance_.html (225 links found)
2025-10-06 10:17:29,877 - INFO - Progress: 79 pages crawled, 200 URLs in queue
2025-10-06 10:17:29,877 - INFO - Downloading: https://cyberdefender.hk/en-us/theft_of_identity/
2025-10-06 10:17:32,212 - INFO - Saved: en-us_theft_of_identity_.html (215 links found)
2025-10-06 10:17:33,214 - INFO - Progress: 80 pages crawled, 200 URLs in queue
2025-10-06 10:17:33,214 - INFO - Downloading: https://cyberdefender.hk/en-us/apt_attack/
2025-10-06 10:17:35,621 - INFO - Saved: en-us_apt_attack_.html (215 links found)
2025-10-06 10:17:36,623 - INFO - Progress: 81 pages crawled, 200 URLs in queue
2025-10-06 10:17:36,624 - INFO - Downloading: https://cyberdefender.hk/en-us/disclaimer
2025-10-06 10:17:40,582 - INFO - Saved: en-us_disclaimer.html (203 links found)
2025-10-06 10:17:41,585 - INFO - Progress: 82 pages crawled, 200 URLs in queue
2025-10-06 10:17:41,585 - INFO - Downloading: https://cyberdefender.hk/en-us/privacy-policy
2025-10-06 10:17:45,732 - INFO - Saved: en-us_privacy-policy.html (203 links found)
2025-10-06 10:17:46,734 - INFO - Progress: 83 pages crawled, 200 URLs in queue
2025-10-06 10:17:46,734 - INFO - Downloading: https://cyberdefender.hk/en-us/about-us
2025-10-06 10:17:51,217 - INFO - Saved: en-us_about-us.html (203 links found)
2025-10-06 10:17:52,218 - INFO - Progress: 84 pages crawled, 200 URLs in queue
2025-10-06 10:17:52,218 - INFO - Downloading: https://cyberdefender.hk/en-us?rest_route=/private_membership/logout
2025-10-06 10:17:59,040 - INFO - Saved: en-us.html (240 links found)
2025-10-06 10:18:00,041 - INFO - Progress: 85 pages crawled, 200 URLs in queue
2025-10-06 10:18:00,041 - INFO - Downloading: https://cyberdefender.hk/en-us/cryptocurrency/
2025-10-06 10:18:02,993 - INFO - Saved: en-us_cryptocurrency_.html (233 links found)
2025-10-06 10:18:03,995 - INFO - Progress: 86 pages crawled, 200 URLs in queue
2025-10-06 10:18:03,995 - INFO - Downloading: https://cyberdefender.hk/en-us/mitm/
2025-10-06 10:18:06,632 - INFO - Saved: en-us_mitm_.html (215 links found)
2025-10-06 10:18:07,634 - INFO - Progress: 87 pages crawled, 200 URLs in queue
2025-10-06 10:18:07,634 - INFO - Downloading: https://cyberdefender.hk/en-us/ddos/
2025-10-06 10:18:10,527 - INFO - Saved: en-us_ddos_.html (215 links found)
2025-10-06 10:18:11,528 - INFO - Progress: 88 pages crawled, 200 URLs in queue
2025-10-06 10:18:11,528 - INFO - Downloading: https://cyberdefender.hk/en-us/it-basics?rest_route=/private_membership/logout
2025-10-06 10:18:17,298 - INFO - Saved: en-us_it-basics.html (240 links found)
2025-10-06 10:18:18,300 - INFO - Progress: 89 pages crawled, 200 URLs in queue
2025-10-06 10:18:18,301 - INFO - Downloading: https://cyberdefender.hk/en-us/abusive_online_content/
2025-10-06 10:18:20,948 - INFO - Saved: en-us_abusive_online_content_.html (233 links found)
2025-10-06 10:18:21,950 - INFO - Progress: 90 pages crawled, 200 URLs in queue
2025-10-06 10:18:21,950 - INFO - Downloading: https://cyberdefender.hk/en-us/deep-fake/
2025-10-06 10:18:23,950 - INFO - Saved: en-us_deep-fake_.html (215 links found)
2025-10-06 10:18:24,954 - INFO - Progress: 91 pages crawled, 200 URLs in queue
2025-10-06 10:18:24,954 - INFO - Downloading: https://cyberdefender.hk/en-us/secure-your-device/?rest_route=/private_membership/logout
2025-10-06 10:18:29,341 - INFO - Saved: en-us_secure-your-device_.html (240 links found)
2025-10-06 10:18:30,344 - INFO - Progress: 92 pages crawled, 200 URLs in queue
2025-10-06 10:18:30,344 - INFO - Downloading: https://cyberdefender.hk/en-us/anti-fraud-tips-for-online-shopping/
2025-10-06 10:18:32,648 - INFO - Saved: en-us_anti-fraud-tips-for-online-shopping_.html (215 links found)
2025-10-06 10:18:33,650 - INFO - Progress: 93 pages crawled, 200 URLs in queue
2025-10-06 10:18:33,650 - INFO - Downloading: https://cyberdefender.hk/en-us/parents-and-teachers/?rest_route=/private_membership/logout
2025-10-06 10:18:37,946 - INFO - Saved: en-us_parents-and-teachers_.html (240 links found)
2025-10-06 10:18:38,948 - INFO - Progress: 94 pages crawled, 199 URLs in queue
2025-10-06 10:18:38,948 - INFO - Downloading: https://cyberdefender.hk/en-us/child-protection/
2025-10-06 10:18:41,458 - INFO - Saved: en-us_child-protection_.html (227 links found)
2025-10-06 10:18:42,461 - INFO - Progress: 95 pages crawled, 199 URLs in queue
2025-10-06 10:18:42,461 - INFO - Downloading: https://cyberdefender.hk/en-us/doxxing/
2025-10-06 10:18:45,367 - INFO - Saved: en-us_doxxing_.html (227 links found)
2025-10-06 10:18:46,368 - INFO - Progress: 96 pages crawled, 199 URLs in queue
2025-10-06 10:18:46,368 - INFO - Downloading: https://cyberdefender.hk/en-us/child_porn/
2025-10-06 10:18:49,274 - INFO - Saved: en-us_child_porn_.html (227 links found)
2025-10-06 10:18:50,277 - INFO - Progress: 97 pages crawled, 199 URLs in queue
2025-10-06 10:18:50,277 - INFO - Downloading: https://cyberdefender.hk/en-us/child_grooming/
2025-10-06 10:18:52,399 - INFO - Saved: en-us_child_grooming_.html (227 links found)
2025-10-06 10:18:53,400 - INFO - Progress: 98 pages crawled, 199 URLs in queue
2025-10-06 10:18:53,400 - INFO - Downloading: https://cyberdefender.hk/en-us/cybercrime/?rest_route=/private_membership/logout
2025-10-06 10:18:57,802 - INFO - Saved: en-us_cybercrime_.html (240 links found)
2025-10-06 10:18:58,805 - INFO - Progress: 99 pages crawled, 199 URLs in queue
2025-10-06 10:18:58,805 - INFO - Downloading: https://cyberdefender.hk/en-us/romance_scam/
2025-10-06 10:19:01,678 - INFO - Saved: en-us_romance_scam_.html (219 links found)
2025-10-06 10:19:02,679 - INFO - Progress: 100 pages crawled, 199 URLs in queue
2025-10-06 10:19:02,680 - INFO - Summary saved to: C:\Users\simonwang\Documents\Vault4sync\01-Courses\GCAP3056\Anti-Scamming\cytberdefender\crawl_summary.md
2025-10-06 10:19:02,681 - INFO - Crawling completed!
2025-10-06 10:31:56,484 - INFO - ============================================================
2025-10-06 10:31:56,484 - INFO - STARTING COMPREHENSIVE CYBERDEFENDER CRAWL
2025-10-06 10:31:56,485 - INFO - ============================================================
2025-10-06 10:31:56,485 - INFO - Phase 1: Initial discovery crawl...
2025-10-06 10:31:56,485 - INFO - Starting crawl of https://cyberdefender.hk/en-us/
2025-10-06 10:31:56,485 - INFO - Output directory: C:\Users\simonwang\Documents\Vault4sync\01-Courses\GCAP3056\Anti-Scamming\cytberdefender
2025-10-06 10:31:56,485 - INFO - Downloading: https://cyberdefender.hk/en-us
2025-10-06 10:32:00,712 - INFO - Saved: en-us.html (238 links found)
2025-10-06 10:32:01,714 - INFO - Progress: 1 pages crawled, 0 URLs in queue, 79 unique URLs discovered
2025-10-06 10:32:01,716 - INFO - Summary saved to: C:\Users\simonwang\Documents\Vault4sync\01-Courses\GCAP3056\Anti-Scamming\cytberdefender\crawl_summary.md
2025-10-06 10:32:01,720 - INFO - Site map CSV saved to: C:\Users\simonwang\Documents\Vault4sync\01-Courses\GCAP3056\Anti-Scamming\cytberdefender\sitemap.csv
2025-10-06 10:32:01,721 - INFO - All discovered URLs saved to: C:\Users\simonwang\Documents\Vault4sync\01-Courses\GCAP3056\Anti-Scamming\cytberdefender\all_discovered_urls.txt
2025-10-06 10:32:01,721 - INFO - Total unique URLs discovered: 79
2025-10-06 10:32:01,721 - INFO - Crawling completed!
2025-10-06 10:32:01,721 - INFO - Phase 2: Crawling 79 unique discovered URLs...
2025-10-06 10:32:01,721 - INFO - Starting comprehensive crawl of all discovered URLs
2025-10-06 10:32:01,721 - INFO - Total unique URLs to crawl: 79
2025-10-06 10:32:01,722 - INFO - Downloading: https://cyberdefender.hk/en-us/scameter
2025-10-06 10:32:06,190 - INFO - Saved: en-us_scameter.html (205 links found)
2025-10-06 10:32:07,192 - INFO - Downloading: https://cyberdefender.hk/en-us/page/2
2025-10-06 10:32:11,750 - INFO - Saved: en-us_page_2.html (240 links found)
2025-10-06 10:32:12,752 - INFO - Downloading: https://cyberdefender.hk/en-us/compensated_dating
2025-10-06 10:32:17,316 - INFO - Saved: en-us_compensated_dating.html (219 links found)
2025-10-06 10:32:18,318 - INFO - Downloading: https://cyberdefender.hk/en-us/email_scam
2025-10-06 10:32:22,848 - INFO - Saved: en-us_email_scam.html (219 links found)
2025-10-06 10:32:23,849 - INFO - Downloading: https://cyberdefender.hk/en-us/deep-fake
2025-10-06 10:32:27,817 - INFO - Saved: en-us_deep-fake.html (215 links found)
2025-10-06 10:32:28,818 - INFO - Downloading: https://cyberdefender.hk/en-us/mitm
2025-10-06 10:32:32,873 - INFO - Saved: en-us_mitm.html (215 links found)
2025-10-06 10:32:33,875 - INFO - Downloading: https://cyberdefender.hk/en-us/phishing_attack
2025-10-06 10:32:38,599 - INFO - Saved: en-us_phishing_attack.html (215 links found)
2025-10-06 10:32:39,601 - INFO - Downloading: https://cyberdefender.hk/en-us/protect_privacy
2025-10-06 10:32:43,874 - INFO - Saved: en-us_protect_privacy.html (221 links found)
2025-10-06 10:32:44,876 - INFO - Downloading: https://cyberdefender.hk/en-us/whats-cookie
2025-10-06 10:32:49,133 - INFO - Saved: en-us_whats-cookie.html (215 links found)
2025-10-06 10:32:50,135 - INFO - Downloading: https://cyberdefender.hk/en-us/online-account-hijacking
2025-10-06 10:32:54,627 - INFO - Saved: en-us_online-account-hijacking.html (219 links found)
2025-10-06 10:32:55,628 - INFO - Downloading: https://cyberdefender.hk/en-us/doxxing
2025-10-06 10:32:59,799 - INFO - Saved: en-us_doxxing.html (227 links found)
2025-10-06 10:33:00,801 - INFO - Downloading: https://cyberdefender.hk/en-us/page/3
2025-10-06 10:33:05,246 - INFO - Saved: en-us_page_3.html (241 links found)
2025-10-06 10:33:06,247 - INFO - Downloading: https://cyberdefender.hk/en-us/child_grooming
2025-10-06 10:33:10,847 - INFO - Saved: en-us_child_grooming.html (227 links found)
2025-10-06 10:33:11,848 - INFO - Downloading: https://cyberdefender.hk/en-us/iot
2025-10-06 10:33:17,599 - INFO - Saved: en-us_iot.html (215 links found)
2025-10-06 10:33:18,601 - INFO - Downloading: https://cyberdefender.hk/en-us?rest_route=%2Fprivate_membership%2Flogout
2025-10-06 10:33:24,940 - INFO - Saved: en-us.html (240 links found)
2025-10-06 10:33:25,941 - INFO - Downloading: https://cyberdefender.hk/en-us/child-protection
2025-10-06 10:33:30,382 - INFO - Saved: en-us_child-protection.html (227 links found)
2025-10-06 10:33:31,384 - INFO - Downloading: https://cyberdefender.hk/en-us/ransomware
2025-10-06 10:33:36,073 - INFO - Saved: en-us_ransomware.html (215 links found)
2025-10-06 10:33:37,074 - INFO - Downloading: https://cyberdefender.hk/en-us/voyeurism
2025-10-06 10:33:41,183 - INFO - Saved: en-us_voyeurism.html (227 links found)
2025-10-06 10:33:42,184 - INFO - Downloading: https://cyberdefender.hk/en-us/disclaimer
2025-10-06 10:33:46,280 - INFO - Saved: en-us_disclaimer.html (203 links found)
2025-10-06 10:33:47,281 - INFO - Downloading: https://cyberdefender.hk/en-us/APT_attack
2025-10-06 10:33:51,597 - INFO - Saved: en-us_APT_attack.html (215 links found)
2025-10-06 10:33:52,599 - INFO - Downloading: https://cyberdefender.hk/en-us/creditcard_misuse
2025-10-06 10:33:56,992 - INFO - Saved: en-us_creditcard_misuse.html (215 links found)
2025-10-06 10:33:57,994 - INFO - Downloading: https://cyberdefender.hk/en-us/e-hkd
2025-10-06 10:34:02,204 - INFO - Saved: en-us_e-hkd.html (233 links found)
2025-10-06 10:34:03,205 - INFO - Downloading: https://cyberdefender.hk/en-us/iot_attack
2025-10-06 10:34:07,695 - INFO - Saved: en-us_iot_attack.html (215 links found)
2025-10-06 10:34:08,697 - INFO - Downloading: https://cyberdefender.hk/en-us/artificial-intelligence
2025-10-06 10:34:15,364 - INFO - Saved: en-us_artificial-intelligence.html (215 links found)
2025-10-06 10:34:16,366 - INFO - Downloading: https://cyberdefender.hk/en-us/?member_dashboard=1
2025-10-06 10:34:23,226 - INFO - Saved: en-us_.html (189 links found)
2025-10-06 10:34:24,227 - INFO - Downloading: https://cyberdefender.hk/en-us/http-404
2025-10-06 10:34:29,927 - INFO - Saved: en-us_http-404.html (233 links found)
2025-10-06 10:34:30,928 - INFO - Downloading: https://cyberdefender.hk/en-us/iphone-anti-virus
2025-10-06 10:34:36,594 - INFO - Saved: en-us_iphone-anti-virus.html (223 links found)
2025-10-06 10:34:37,596 - INFO - Downloading: https://cyberdefender.hk/en-us/child_porn
2025-10-06 10:34:44,219 - INFO - Saved: en-us_child_porn.html (227 links found)
2025-10-06 10:34:45,221 - INFO - Downloading: https://cyberdefender.hk/en-us/theft_of_identity
2025-10-06 10:34:49,342 - INFO - Saved: en-us_theft_of_identity.html (215 links found)
2025-10-06 10:34:50,344 - INFO - Downloading: https://cyberdefender.hk/en-us/social_media_security
2025-10-06 10:34:54,899 - INFO - Saved: en-us_social_media_security.html (223 links found)
2025-10-06 10:34:55,900 - INFO - Downloading: https://cyberdefender.hk/en-us/recovery_phrase
2025-10-06 10:35:00,463 - INFO - Saved: en-us_recovery_phrase.html (225 links found)
2025-10-06 10:35:01,466 - INFO - Downloading: https://cyberdefender.hk/en-us/bughunting_campaign_2025
2025-10-06 10:35:05,887 - INFO - Saved: en-us_bughunting_campaign_2025.html (203 links found)
2025-10-06 10:35:06,889 - INFO - Downloading: https://cyberdefender.hk/en-us/non-fungible-token
2025-10-06 10:35:11,619 - INFO - Saved: en-us_non-fungible-token.html (236 links found)
2025-10-06 10:35:12,621 - INFO - Downloading: https://cyberdefender.hk/en-us/victim_mentality
2025-10-06 10:35:17,983 - INFO - Saved: en-us_victim_mentality.html (221 links found)
2025-10-06 10:35:18,985 - INFO - Downloading: https://cyberdefender.hk/en-us/digital_literacy
2025-10-06 10:35:23,189 - INFO - Saved: en-us_digital_literacy.html (228 links found)
2025-10-06 10:35:24,191 - INFO - Downloading: https://cyberdefender.hk/en-us/privacy_setting
2025-10-06 10:35:28,329 - INFO - Saved: en-us_privacy_setting.html (227 links found)
2025-10-06 10:35:29,331 - INFO - Downloading: https://cyberdefender.hk/en-us/member_login
2025-10-06 10:35:35,396 - INFO - Saved: en-us_member_login.html (186 links found)
2025-10-06 10:35:36,396 - INFO - Downloading: https://cyberdefender.hk/en-us/mobile-payment
2025-10-06 10:35:40,753 - INFO - Saved: en-us_mobile-payment.html (233 links found)
2025-10-06 10:35:41,755 - INFO - Downloading: https://cyberdefender.hk/en-us/cybersex
2025-10-06 10:35:45,914 - INFO - Saved: en-us_cybersex.html (229 links found)
2025-10-06 10:35:46,915 - INFO - Downloading: https://cyberdefender.hk/en-us/cybercrime
2025-10-06 10:35:51,230 - INFO - Saved: en-us_cybercrime.html (237 links found)
2025-10-06 10:35:52,232 - INFO - Downloading: https://cyberdefender.hk/en-us/fakenews
2025-10-06 10:35:56,379 - INFO - Saved: en-us_fakenews.html (215 links found)
2025-10-06 10:35:57,380 - INFO - Downloading: https://cyberdefender.hk/en-us/firewall_setting
2025-10-06 10:36:02,058 - INFO - Saved: en-us_firewall_setting.html (227 links found)
2025-10-06 10:36:03,060 - INFO - Downloading: https://cyberdefender.hk/en-us/page/17
2025-10-06 10:36:07,936 - INFO - Saved: en-us_page_17.html (238 links found)
2025-10-06 10:36:08,938 - INFO - Downloading: https://cyberdefender.hk/en-us/security_tools
2025-10-06 10:36:13,962 - INFO - Saved: en-us_security_tools.html (225 links found)
2025-10-06 10:36:14,964 - INFO - Downloading: https://cyberdefender.hk/en-us/online_employment_fraud
2025-10-06 10:36:19,990 - INFO - Saved: en-us_online_employment_fraud.html (219 links found)
2025-10-06 10:36:20,991 - INFO - Downloading: https://cyberdefender.hk/en-us/it-basics
2025-10-06 10:36:25,427 - INFO - Saved: en-us_it-basics.html (225 links found)
2025-10-06 10:36:26,429 - INFO - Downloading: https://cyberdefender.hk/en-us/secure-your-device
2025-10-06 10:36:30,432 - INFO - Saved: en-us_secure-your-device.html (228 links found)
2025-10-06 10:36:31,433 - INFO - Downloading: https://cyberdefender.hk/en-us/biometrics
2025-10-06 10:36:35,798 - INFO - Saved: en-us_biometrics.html (223 links found)
2025-10-06 10:36:36,800 - INFO - Downloading: https://cyberdefender.hk/en-us/netiquette
2025-10-06 10:36:40,958 - INFO - Saved: en-us_netiquette.html (215 links found)
2025-10-06 10:36:41,959 - INFO - Downloading: https://cyberdefender.hk/en-us/public_wifi_safety
2025-10-06 10:36:46,356 - INFO - Saved: en-us_public_wifi_safety.html (223 links found)
2025-10-06 10:36:47,358 - INFO - Progress: 50 pages crawled, 211 total unique URLs discovered
2025-10-06 10:36:47,358 - INFO - Downloading: https://cyberdefender.hk/en-us/naked_chat
2025-10-06 10:36:51,640 - INFO - Saved: en-us_naked_chat.html (217 links found)
2025-10-06 10:36:52,642 - INFO - Downloading: https://cyberdefender.hk/en-us/video_leaflet
2025-10-06 10:36:56,823 - INFO - Saved: en-us_video_leaflet.html (203 links found)
2025-10-06 10:36:57,825 - INFO - Downloading: https://cyberdefender.hk/en-us/privacy-policy
2025-10-06 10:37:02,223 - INFO - Saved: en-us_privacy-policy.html (203 links found)
2025-10-06 10:37:03,224 - INFO - Downloading: https://cyberdefender.hk/en-us/cloudcomputing
2025-10-06 10:37:07,725 - INFO - Saved: en-us_cloudcomputing.html (215 links found)
2025-10-06 10:37:08,728 - INFO - Downloading: https://cyberdefender.hk/en-us/romance_scam
2025-10-06 10:37:13,731 - INFO - Saved: en-us_romance_scam.html (219 links found)
2025-10-06 10:37:14,732 - INFO - Downloading: https://cyberdefender.hk/en-us/statistics
2025-10-06 10:37:20,601 - INFO - Saved: en-us_statistics.html (203 links found)
2025-10-06 10:37:21,603 - INFO - Downloading: https://cyberdefender.hk/en-us/ddos
2025-10-06 10:37:25,921 - INFO - Saved: en-us_ddos.html (215 links found)
2025-10-06 10:37:26,922 - INFO - Downloading: https://cyberdefender.hk/en-us/about-us
2025-10-06 10:37:30,908 - INFO - Saved: en-us_about-us.html (203 links found)
2025-10-06 10:37:31,910 - INFO - Downloading: https://cyberdefender.hk/en-us/activity
2025-10-06 10:37:36,574 - INFO - Saved: en-us_activity.html (207 links found)
2025-10-06 10:37:37,576 - INFO - Downloading: https://cyberdefender.hk/en-us/cyber-hygiene
2025-10-06 10:37:58,981 - INFO - Saved: en-us_cyber-hygiene.html (215 links found)
2025-10-06 10:37:59,983 - INFO - Downloading: https://cyberdefender.hk/en-us/cyberbullying
2025-10-06 10:38:04,538 - INFO - Saved: en-us_cyberbullying.html (227 links found)
2025-10-06 10:38:05,540 - INFO - Downloading: https://cyberdefender.hk/en-us/online_shopping_fraud
2025-10-06 10:38:10,290 - INFO - Saved: en-us_online_shopping_fraud.html (219 links found)
2025-10-06 10:38:11,291 - INFO - Downloading: https://cyberdefender.hk/en-us/darkweb
2025-10-06 10:38:16,826 - INFO - Saved: en-us_darkweb.html (233 links found)
2025-10-06 10:38:17,828 - INFO - Downloading: https://cyberdefender.hk/en-us/852_sms
2025-10-06 10:38:22,140 - INFO - Saved: en-us_852_sms.html (215 links found)
2025-10-06 10:38:23,141 - INFO - Downloading: https://cyberdefender.hk/en-us/suspicious-proxy-alert
2025-10-06 10:38:27,789 - INFO - Saved: en-us_suspicious-proxy-alert.html (226 links found)
2025-10-06 10:38:28,791 - INFO - Downloading: https://cyberdefender.hk/en-us/story
2025-10-06 10:38:33,063 - INFO - Saved: en-us_story.html (203 links found)
2025-10-06 10:38:34,065 - INFO - Downloading: https://cyberdefender.hk/en-us/metaverse
2025-10-06 10:38:38,360 - INFO - Saved: en-us_metaverse.html (215 links found)
2025-10-06 10:38:39,361 - INFO - Downloading: https://cyberdefender.hk/en-us/events_and_resources
2025-10-06 10:38:47,794 - INFO - Saved: en-us_events_and_resources.html (220 links found)
2025-10-06 10:38:48,796 - INFO - Downloading: https://cyberdefender.hk/en-us/learning-resources
2025-10-06 10:38:52,842 - INFO - Saved: en-us_learning-resources.html (227 links found)
2025-10-06 10:38:53,843 - INFO - Downloading: https://cyberdefender.hk/en-us/password-strength-tool
2025-10-06 10:38:58,012 - INFO - Saved: en-us_password-strength-tool.html (223 links found)
2025-10-06 10:38:59,013 - INFO - Downloading: https://cyberdefender.hk/en-us/cspa2025
2025-10-06 10:39:03,369 - INFO - Saved: en-us_cspa2025.html (195 links found)
2025-10-06 10:39:04,370 - INFO - Downloading: https://cyberdefender.hk/en-us/cryptocurrency
2025-10-06 10:39:09,635 - INFO - Saved: en-us_cryptocurrency.html (233 links found)
2025-10-06 10:39:10,637 - INFO - Downloading: https://cyberdefender.hk/en-us/guideline_for_teens
2025-10-06 10:39:16,274 - INFO - Saved: en-us_guideline_for_teens.html (232 links found)
2025-10-06 10:39:17,276 - INFO - Downloading: https://cyberdefender.hk/en-us/parents-and-teachers
2025-10-06 10:39:21,886 - INFO - Saved: en-us_parents-and-teachers.html (228 links found)
2025-10-06 10:39:22,888 - INFO - Downloading: https://cyberdefender.hk/en-us/useful_link
2025-10-06 10:39:26,738 - INFO - Saved: en-us_useful_link.html (203 links found)
2025-10-06 10:39:27,740 - INFO - Downloading: https://cyberdefender.hk/en-us/abusive_online_content
2025-10-06 10:39:32,007 - INFO - Saved: en-us_abusive_online_content.html (233 links found)
2025-10-06 10:39:33,008 - INFO - Downloading: https://cyberdefender.hk/en-us/investment_fraud
2025-10-06 10:39:37,886 - INFO - Saved: en-us_investment_fraud.html (219 links found)
2025-10-06 10:39:38,888 - INFO - Downloading: https://cyberdefender.hk/en-us/dispose-old-mobile-phone-safely
2025-10-06 10:39:43,085 - INFO - Saved: en-us_dispose-old-mobile-phone-safely.html (223 links found)
2025-10-06 10:39:44,089 - INFO - Summary saved to: C:\Users\simonwang\Documents\Vault4sync\01-Courses\GCAP3056\Anti-Scamming\cytberdefender\crawl_summary.md
2025-10-06 10:39:44,092 - INFO - Site map CSV saved to: C:\Users\simonwang\Documents\Vault4sync\01-Courses\GCAP3056\Anti-Scamming\cytberdefender\sitemap.csv
2025-10-06 10:39:44,092 - INFO - All discovered URLs saved to: C:\Users\simonwang\Documents\Vault4sync\01-Courses\GCAP3056\Anti-Scamming\cytberdefender\all_discovered_urls.txt
2025-10-06 10:39:44,092 - INFO - Total unique URLs discovered: 250
2025-10-06 10:39:44,092 - INFO - Comprehensive crawling completed!
2025-10-06 10:39:44,094 - INFO - Comprehensive report saved to: C:\Users\simonwang\Documents\Vault4sync\01-Courses\GCAP3056\Anti-Scamming\cytberdefender\comprehensive_crawl_report.md
2025-10-06 10:39:44,095 - INFO - ============================================================
2025-10-06 10:39:44,096 - INFO - COMPREHENSIVE CRAWL COMPLETED
2025-10-06 10:39:44,096 - INFO - ============================================================
